<SignatureDocument elementFormDefault="qualified" targetNamespace="http://uri.etsi.org/01903/v1.1.1#" xmlns="http://uri.etsi.org/01903/v1.1.1#" xmlns:ds="http://www.w3.org/2000/09/xmldsig#" xmlns:xades="http://uri.etsi.org/01903/v1.3.2#" xmlns:xsd="http://www.w3.org/2001/XMLSchema">
  <Metadata>
    <baseUrl>https://documents.brifle.de/</baseUrl>
    <version>1.0</version>
  </Metadata>
  <ds:Signature Id="signature_id">
    <ds:SignedInfo>
      <ds:CanonicalizationMethod Algorithm="http://www.w3.org/2001/10/xml-exc-c14n#"/>
      <ds:SignatureMethod Algorithm="http://www.w3.org/2001/04/xmldsig-more#ecdsa-sha256"/>
      <ds:Reference Id="doc-1" URI="#data-2341ac23HAbcA">
        <ds:Transforms>
          <ds:Transform Algorithm="http://www.w3.org/2001/10/xml-exc-c14n#"/>
        </ds:Transforms>
        <ds:DigestMethod Algorithm="http://www.w3.org/2001/04/xmlenc#sha256"/>
        <ds:DigestValue>
          5kOnYTbNHwUF1VS1+TsWhtDCoQoIgDxu673iRyxAq/Q=
        </ds:DigestValue>
      </ds:Reference>
      <ds:Reference URI="#SignedProperties">
        <ds:Transforms>
          <ds:Transform Algorithm="http://www.w3.org/2001/10/xml-exc-c14n#"/>
        </ds:Transforms>
        <ds:DigestMethod Algorithm="http://www.w3.org/2001/04/xmlenc#sha256"/>
        <ds:DigestValue>
          Z2/e/RunbNhlG9u3QSSnL3q2aGzlYuB5m5R2l7g5X3c=
        </ds:DigestValue>
      </ds:Reference>
    </ds:SignedInfo>
    <ds:SignatureValue>
      S59atUKqQrDPjBvGWF23UtAJZrn6ZQe5cvkMnTCu5K2v7RaGd2vrbdOKrat8yY0LaCTP2MRCuNOQyWeRiDvzQA==
    </ds:SignatureValue>
    <ds:KeyInfo>
      <ds:X509Data>
        <ds:X509Certificate>
          MIICVDCCAfugAwIBAgIIDmh8ZnFUSgcwCgYIKoZIzj0EAwIwYzELMAkGA1UEBhMCREUxCzAJBgNVBAgMAkJXMRIwEAYDVQQHDAlTdHV0dGdhcnQxDzANBgNVBAoMBkJyaWZsZTEiMCAGA1UEAwwZRUNEU0EgQnJpZmxlIFRlc3QgUm9vdCBDQTAeFw0yNDA4MjAxMTQzMzlaFw0yNTA5MTkxMTQ4MzlaMFUxCzAJBgNVBAYTAkRFMQswCQYDVQQIDAJCVzESMBAGA1UEBwwJU3R1dHRnYXJ0MQ8wDQYDVQQKDAZCcmlmbGUxFDASBgNVBAMMC0JyaWZsZSBUZXN0MFkwEwYHKoZIzj0CAQYIKoZIzj0DAQcDQgAE56bTNPxABP4KImTkxYF6P3BlD8Iktaj3eOOYJAMPQUAjlg/wvifHQ2dRJgFVb+JM/+UWfAT42XcZjFRWqomJ/KOBpjCBozAJBgNVHRMEAjAAMA4GA1UdDwEB/wQEAwIFoDAdBgNVHSUEFjAUBggrBgEFBQcDAQYIKwYBBQUHAwIwHQYDVR0OBBYEFELye1nw0v6Mp2AsJmlWng5H6DqsMB8GA1UdIwQYMBaAFE+kmSDjsxoDLykWIrzcIV4+XORzMCcGA1UdEQQgMB6CC2V4YW1wbGUub3Jngg93d3cuZXhhbXBsZS5vcmcwCgYIKoZIzj0EAwIDRwAwRAIge2QKIeo1XID9yBE5l5KcsDsDvPoJszPun5BsRSatF+4CIFJ44Dr6sG3dUiYZjPTIkz5cUqiF/Tl0MGBu77l9dY2C
        </ds:X509Certificate>
      </ds:X509Data>
    </ds:KeyInfo>
    <ds:Object>
      <xades:QualifyingProperties Target="#signature_id">
        <xades:SignedProperties Id="SignedProperties">
          <xades:SignedSignatureProperties>
            <xades:SigningTime>2024-08-20 12:48:39.867698Z</xades:SigningTime>
            <xades:SigningCertificate>
              <xades:Cert>
                <xades:CertDigest>
                  <ds:DigestMethod Algorithm="http://www.w3.org/2001/04/xmlenc#sha256"/>
                  <ds:DigestValue>
                    rcQ0O8kLEN2aQPEzSzxSmCSi91A5UI/VPiaQhICFC2k=
                  </ds:DigestValue>
                </xades:CertDigest>
                <xades:IssuerSerial>
                  <ds:X509IssuerName>
                    ECDSA Brifle Test Root CA
                  </ds:X509IssuerName>
                  <ds:X509SerialNumber>
                    1038216493538757127
                  </ds:X509SerialNumber>
                </xades:IssuerSerial>
              </xades:Cert>
            </xades:SigningCertificate>
            <xades:SignaturePolicyIdentifier>
              <xades:SignaturePolicyImplied/>
            </xades:SignaturePolicyIdentifier>
            <xades:SignatureProductionPlace>
              <xades:City>
                Stuttgart
              </xades:City>
              <xades:CountryName>
                Germany
              </xades:CountryName>
            </xades:SignatureProductionPlace>
            <xades:SignerRole>
              <xades:ClaimedRoles>
                <xades:ClaimedRole>
                  role with Ã¤
                </xades:ClaimedRole>
                <xades:ClaimedRole>
                  role2
                </xades:ClaimedRole>
              </xades:ClaimedRoles>
              <xades:CertifiedRoles>

              </xades:CertifiedRoles>
            </xades:SignerRole>
          </xades:SignedSignatureProperties>
          <xades:SignedDataObjectProperties>
            <xades:DataObjectFormat ObjectReference="#doc-1">
              <xades:MimeType>
                text/xml
              </xades:MimeType>
              <xades:Encoding>
                UTF-8
              </xades:Encoding>
              <xades:ObjectIdentifier>
                <xades:Identifier>
                  https://docs.brifle.de/2341ac23HAbcA
                </xades:Identifier>
                <xades:Description>
                  Die Beschreibung
                </xades:Description>
              </xades:ObjectIdentifier>
            </xades:DataObjectFormat>
            <xades:DataObjectFormat ObjectReference="#doc-2">
              <xades:MimeType>
                text/xml
              </xades:MimeType>
              <xades:Encoding>
                UTF-8
              </xades:Encoding>
              <xades:ObjectIdentifier>
                <xades:Identifier>
                  https://docs.brifle.de/671ac23HAbcA
                </xades:Identifier>
                <xades:Description>
                  Die Beschreibung
                </xades:Description>
              </xades:ObjectIdentifier>
            </xades:DataObjectFormat>
          </xades:SignedDataObjectProperties>
        </xades:SignedProperties>
        <xades:UnsignedProperties>
          <xades:UnsignedSignatureProperties/>
        </xades:UnsignedProperties>
      </xades:QualifyingProperties>
    </ds:Object>
  </ds:Signature>
  <ContentExport>
    <SignatureContent id="data-2341ac23HAbcA"><![CDATA[{"content": {"data":<jallow attribute="world">hello"</jallow>}}]]></SignatureContent>
  </ContentExport>
</SignatureDocument>