<SignatureDocument elementFormDefault="qualified" targetNamespace="http://uri.etsi.org/01903/v1.1.1#" xmlns="http://uri.etsi.org/01903/v1.1.1#" xmlns:ds="http://www.w3.org/2000/09/xmldsig#" xmlns:xades="http://uri.etsi.org/01903/v1.3.2#" xmlns:xsd="http://www.w3.org/2001/XMLSchema">
  <Metadata>
    <baseUrl>https://documents.brifle.de/</baseUrl>
    <version>1.0</version>
  </Metadata>
  <ds:Signature Id="signature_id">
    <ds:SignedInfo>
      <ds:CanonicalizationMethod Algorithm="http://www.w3.org/2001/10/xml-exc-c14n#"/>
      <ds:SignatureMethod Algorithm="http://www.w3.org/2001/04/xmldsig-more#ecdsa-sha256"/>
      <ds:Reference Id="doc-1" URI="#data-2341ac23HAbcA">
        <ds:Transforms>
          <ds:Transform Algorithm="http://www.w3.org/2001/10/xml-exc-c14n#"/>
        </ds:Transforms>
        <ds:DigestMethod Algorithm="http://www.w3.org/2001/04/xmlenc#sha256"/>
        <ds:DigestValue>
          5kOnYTbNHwUF1VS1+TsWhtDCoQoIgDxu673iRyxAq/Q=
        </ds:DigestValue>
      </ds:Reference>
      <ds:Reference URI="#SignedProperties">
        <ds:Transforms>
          <ds:Transform Algorithm="http://www.w3.org/2001/10/xml-exc-c14n#"/>
        </ds:Transforms>
        <ds:DigestMethod Algorithm="http://www.w3.org/2001/04/xmlenc#sha256"/>
        <ds:DigestValue>
          vGa7e/oWn7sOoVcFQnF+I857wbCie+JwpqvLW2cHn/s=
        </ds:DigestValue>
      </ds:Reference>
    </ds:SignedInfo>
    <ds:SignatureValue>
      PvHmG2Oz7PS0sLC1zXNZWkR3MMDJtcNSQFZ7z9rwssns2YIgDPK6JcpI68t+zSikEawLuCwDIPZLUJmHbsBvGw==
    </ds:SignatureValue>
    <ds:KeyInfo>
      <ds:X509Data>
        <ds:X509Certificate>
          MIICVzCCAfygAwIBAgIJAOXiJteiVKe+MAoGCCqGSM49BAMCMGMxCzAJBgNVBAYTAkRFMQswCQYDVQQIDAJCVzESMBAGA1UEBwwJU3R1dHRnYXJ0MQ8wDQYDVQQKDAZCcmlmbGUxIjAgBgNVBAMMGUVDRFNBIEJyaWZsZSBUZXN0IFJvb3QgQ0EwHhcNMjQwODIwMTAwNDUzWhcNMjUwOTE5MTAwOTUzWjBVMQswCQYDVQQGEwJERTELMAkGA1UECAwCQlcxEjAQBgNVBAcMCVN0dXR0Z2FydDEPMA0GA1UECgwGQnJpZmxlMRQwEgYDVQQDDAtCcmlmbGUgVGVzdDBZMBMGByqGSM49AgEGCCqGSM49AwEHA0IABLKr0epT64SLjclpVecXR5U5MHhW8F9yYWLcuCDYw0IdG7g1eaSIUlmHbM3pAXqWcBP1JoZgW+sh9OIysLTuOd6jgaYwgaMwCQYDVR0TBAIwADAOBgNVHQ8BAf8EBAMCBaAwHQYDVR0lBBYwFAYIKwYBBQUHAwEGCCsGAQUFBwMCMB0GA1UdDgQWBBSWzohG3F+7r5FgM2HeHMEN3BoBgDAfBgNVHSMEGDAWgBRPpJkg47MaAy8pFiK83CFePlzkczAnBgNVHREEIDAeggtleGFtcGxlLm9yZ4IPd3d3LmV4YW1wbGUub3JnMAoGCCqGSM49BAMCA0kAMEYCIQCqkxVN66BR+E4rWUmRSGLBTtja8pBsQQIZNyNhVzRlZQIhAIJh8WtIiMFp1ZCkMv+3hElRjQIzZNnBcK5Er5jf9BSI
        </ds:X509Certificate>
      </ds:X509Data>
    </ds:KeyInfo>
    <ds:Object>
      <xades:QualifyingProperties Target="#signature_id">
        <xades:SignedProperties Id="SignedProperties">
          <xades:SignedSignatureProperties>
            <xades:SigningTime>
              2024-08-20 11:09:53.047412Z
            </xades:SigningTime>
            <xades:SigningCertificate>
              <xades:Cert>
                <xades:CertDigest>
                  <ds:DigestMethod Algorithm="http://www.w3.org/2001/04/xmlenc#sha256"/>
                  <ds:DigestValue>
                    8p8GqROVOFi9MUs4mbJ+kirHkleP4Wb/csT26Q8Gsso=
                  </ds:DigestValue>
                </xades:CertDigest>
                <xades:IssuerSerial>
                  <ds:X509IssuerName>
                    ECDSA Brifle Test Root CA
                  </ds:X509IssuerName>
                  <ds:X509SerialNumber>
                    16564845087005386686
                  </ds:X509SerialNumber>
                </xades:IssuerSerial>
              </xades:Cert>
            </xades:SigningCertificate>
            <xades:SignaturePolicyIdentifier>
              <xades:SignaturePolicyImplied/>
            </xades:SignaturePolicyIdentifier>
            <xades:SignatureProductionPlace>
              <xades:City>
                Stuttgart
              </xades:City>
              <xades:CountryName>
                Germany
              </xades:CountryName>
            </xades:SignatureProductionPlace>
            <xades:SignerRole>
              <xades:ClaimedRoles>
                <xades:ClaimedRole>
                  role with Ã¤
                </xades:ClaimedRole>
                <xades:ClaimedRole>
                  role2
                </xades:ClaimedRole>
              </xades:ClaimedRoles>
              <xades:CertifiedRoles>

              </xades:CertifiedRoles>
            </xades:SignerRole>
          </xades:SignedSignatureProperties>
          <xades:SignedDataObjectProperties>
            <xades:DataObjectFormat ObjectReference="#doc-1">
              <xades:MimeType>
                text/xml
              </xades:MimeType>
              <xades:Encoding>
                UTF-8
              </xades:Encoding>
              <xades:ObjectIdentifier>
                <xades:Identifier>
                  https://docs.brifle.de/2341ac23HAbcA
                </xades:Identifier>
                <xades:Description>
                  Die Beschreibung
                </xades:Description>
              </xades:ObjectIdentifier>
            </xades:DataObjectFormat>
            <xades:DataObjectFormat ObjectReference="#doc-2">
              <xades:MimeType>
                text/xml
              </xades:MimeType>
              <xades:Encoding>
                UTF-8
              </xades:Encoding>
              <xades:ObjectIdentifier>
                <xades:Identifier>
                  https://docs.brifle.de/671ac23HAbcA
                </xades:Identifier>
                <xades:Description>
                  Die Beschreibung
                </xades:Description>
              </xades:ObjectIdentifier>
            </xades:DataObjectFormat>
          </xades:SignedDataObjectProperties>
        </xades:SignedProperties>
        <xades:UnsignedProperties>
          <xades:UnsignedSignatureProperties/>
        </xades:UnsignedProperties>
      </xades:QualifyingProperties>
    </ds:Object>
  </ds:Signature>
  <ContentExport>
    <SignatureContent id="data-2341ac23HAbcA"><![CDATA[{"content": {"data":<jallow attribute="world">hello"</jallow>}}]]></SignatureContent>
  </ContentExport>
</SignatureDocument>