<SignatureDocument xmlns="http://uri.etsi.org/01903/v1.1.1#" elementFormDefault="qualified" targetNamespace="http://uri.etsi.org/01903/v1.1.1#">
  <Metadata>
    <baseUrl>https://documents.brifle.de/</baseUrl>
    <version>1.0</version>
  </Metadata>
  <ds:Signature xmlns:ds="http://www.w3.org/2000/09/xmldsig#" Id="signature_id">
    <ds:SignedInfo>
      <ds:CanonicalizationMethod Algorithm="http://www.w3.org/2001/10/xml-exc-c14n#"></ds:CanonicalizationMethod>
      <ds:SignatureMethod Algorithm="http://www.w3.org/2001/04/xmldsig-more#ecdsa-sha256"></ds:SignatureMethod>
      <ds:Reference Id="doc-1" URI="#data-2341ac23HAbcA">
        <ds:Transforms>
          <ds:Transform Algorithm="http://www.w3.org/2001/10/xml-exc-c14n#"></ds:Transform>
          <ds:Transform Algorithm="http://www.w3.org/TR/1999/REC-xpath-19991116">
            <ds:XPath>//*[@id='data-2341ac23HAbcA']/text()</ds:XPath>
          </ds:Transform>
        </ds:Transforms>
        <ds:DigestMethod Algorithm="http://www.w3.org/2007/05/xmldsig-more#sha3-512"></ds:DigestMethod>
        <ds:DigestValue>
          9/rc+uGpJU5DtFG32TKp4IhgdYqPwFbW3SRNo9T+yYdDpgNkJead18A0hgfHuqiNmGRUUzab5yjY3JRl9/JPFw==
        </ds:DigestValue>
      </ds:Reference>
      <ds:Reference Id="doc-2" URI="#data-671ac23HAbcA">
        <ds:Transforms>
          <ds:Transform Algorithm="http://www.w3.org/2001/10/xml-exc-c14n#"></ds:Transform>
          <ds:Transform Algorithm="http://www.w3.org/TR/1999/REC-xpath-19991116">
            <ds:XPath>//*[@id='data-671ac23HAbcA']/text()</ds:XPath>
          </ds:Transform>
        </ds:Transforms>
        <ds:DigestMethod Algorithm="http://www.w3.org/2007/05/xmldsig-more#sha3-512"></ds:DigestMethod>
        <ds:DigestValue>
          ugt5zYrMB6JJG6kxdN6FE/jl5/AY4HsAsmZEJQ76CMvvAKm6xHtbF57c7wka3yah+sH6Ny5nNilFkejEHA53EA==
        </ds:DigestValue>
      </ds:Reference>
      <ds:Reference URI="#SignedProperties">
        <ds:Transforms>
          <ds:Transform Algorithm="http://www.w3.org/2001/10/xml-exc-c14n#"></ds:Transform>
        </ds:Transforms>
        <ds:DigestMethod Algorithm="http://www.w3.org/2007/05/xmldsig-more#sha3-512"></ds:DigestMethod>
        <ds:DigestValue>
          qausLxXDOjz4QkYBAl25YCWELX4B/rd36Q1rYvNX3qJye4LdYdnKvgrju6BUCi2w7WPB46BttYa8+tVWh6Wisg==
        </ds:DigestValue>
      </ds:Reference>
    </ds:SignedInfo>
    <ds:SignatureValue>
      3YayeLNSNIYkXp7KIyFMjJeQrr8fm9uM9rsdV97C+3EkTmuyn/qd7SFzUll+MNWS8UsZUzyMi3aHl5eCZ0ZhBg==
    </ds:SignatureValue>
    <ds:KeyInfo>
      <ds:X509Data>
        <ds:X509Certificate>
          MIICRzCCAe6gAwIBAgIIQi0ti15d7xcwCgYIKoZIzj0EAwIwWTELMAkGA1UEBhMCVVMxCzAJBgNVBAgMAkNBMRYwFAYDVQQHDA1TYW4gRnJhbmNpc2NvMQ0wCwYDVQQKDARBY21lMRYwFAYDVQQDDA1FQ0RTQSBSb290IENBMB4XDTI0MDUyNDIwMjUyNVoXDTI1MDYyMzIwMzAyNVowUjELMAkGA1UEBhMCVVMxCzAJBgNVBAgMAkNBMRYwFAYDVQQHDA1TYW4gRnJhbmNpc2NvMQ0wCwYDVQQKDARBY21lMQ8wDQYDVQQDDAZTYW1wbGUwWTATBgcqhkjOPQIBBggqhkjOPQMBBwNCAATM8IeXu+2vbs9yc1TyDRuDSzlD9DEKBpf2dLkZLUDIfYx3i2PewD8e34XXd9wYai23z7vWuhlDF2rsMwc6z6b+o4GmMIGjMAkGA1UdEwQCMAAwDgYDVR0PAQH/BAQDAgWgMB0GA1UdJQQWMBQGCCsGAQUFBwMBBggrBgEFBQcDAjAdBgNVHQ4EFgQUELSSP9AqhFRNO4PUWPorTqAYFgswHwYDVR0jBBgwFoAUbDh0/T+fgxWRLCVmQdY4pfPcyXswJwYDVR0RBCAwHoILZXhhbXBsZS5vcmeCD3d3dy5leGFtcGxlLm9yZzAKBggqhkjOPQQDAgNHADBEAiA5YfmIXHbPzvE+Zah+3DltME8bCg25t9/pJypGX+e2mAIgCgdiZXvAZQ/V7YCYWyli3YVzNU9Do9ycVeyUDBuIPWk=
        </ds:X509Certificate>
      </ds:X509Data>
    </ds:KeyInfo>
    <ds:Object>
      <xades:QualifyingProperties xmlns:xades="http://uri.etsi.org/01903/v1.3.2#" Target="#signature_id">
        <xades:SignedProperties Id="SignedProperties">
          <xades:SignedSignatureProperties>
            <xades:SigningTime>
              2024-05-24 21:30:25.551872Z
            </xades:SigningTime>
            <xades:SigningCertificate>
              <xades:Cert>
                <xades:CertDigest>
                  <ds:DigestMethod Algorithm="http://www.w3.org/2001/04/xmlenc#sha256"></ds:DigestMethod>
                  <ds:DigestValue>
                    4vUCDIPHK8Fu1pin0rfpVl8G7O3QQ6YUejkxLkl9H8o=
                  </ds:DigestValue>
                </xades:CertDigest>
                <xades:IssuerSerial>
                  <ds:X509IssuerName>
                    ECDSA Root CA
                  </ds:X509IssuerName>
                  <ds:X509SerialNumber>
                    4768517657062141719
                  </ds:X509SerialNumber>
                </xades:IssuerSerial>
              </xades:Cert>
            </xades:SigningCertificate>
            <xades:SignaturePolicyIdentifier>
              <xades:SignaturePolicyImplied></xades:SignaturePolicyImplied>
            </xades:SignaturePolicyIdentifier>
            <xades:SignatureProductionPlace>
              <xades:City>
                Stuttgart
              </xades:City>
              <xades:CountryName>
                Germany
              </xades:CountryName>
            </xades:SignatureProductionPlace>
            <xades:SignerRole>
              <xades:ClaimedRoles>
                <xades:ClaimedRole>
                  role with Ã¤
                </xades:ClaimedRole>
                <xades:ClaimedRole>
                  role2
                </xades:ClaimedRole>
              </xades:ClaimedRoles>
              <xades:CertifiedRoles>

              </xades:CertifiedRoles>
            </xades:SignerRole>
          </xades:SignedSignatureProperties>
          <xades:SignedDataObjectProperties>
            <xades:DataObjectFormat ObjectReference="#doc-1">
              <xades:MimeType>
                text/xml
              </xades:MimeType>
              <xades:Encoding>
                UTF-8
              </xades:Encoding>
              <xades:ObjectIdentifier>
                <xades:Description>
                  Die Beschreibung
                </xades:Description>
              </xades:ObjectIdentifier>
            </xades:DataObjectFormat>
            <xades:DataObjectFormat ObjectReference="#doc-2">
              <xades:MimeType>
                text/xml
              </xades:MimeType>
              <xades:Encoding>
                UTF-8
              </xades:Encoding>
              <xades:ObjectIdentifier>
                <xades:Description>
                  Die Beschreibung
                </xades:Description>
              </xades:ObjectIdentifier>
            </xades:DataObjectFormat>
          </xades:SignedDataObjectProperties>
        </xades:SignedProperties>
        <xades:UnsignedProperties>
          <xades:UnsignedSignatureProperties></xades:UnsignedSignatureProperties>
        </xades:UnsignedProperties>
      </xades:QualifyingProperties>
    </ds:Object>
  </ds:Signature>
  <ContentExport>
    <SignatureContent URL="https://documents.brifle.de/2341ac23HAbcA" id="data-2341ac23HAbcA">document1</SignatureContent>
    <SignatureContent URL="https://documents.brifle.de/671ac23HAbcA" id="data-671ac23HAbcA">document2</SignatureContent>
  </ContentExport>
</SignatureDocument>