<SignatureDocument xmlns="http://uri.etsi.org/01903/v1.1.1#" elementFormDefault="qualified" targetNamespace="http://uri.etsi.org/01903/v1.1.1#">
  <Metadata>
    <baseUrl>https://documents.brifle.de/</baseUrl>
    <version>1.0</version>
  </Metadata>
  <ds:Signature xmlns:ds="http://www.w3.org/2000/09/xmldsig#" Id="signature_id">
    <ds:SignedInfo>
      <ds:CanonicalizationMethod Algorithm="http://www.w3.org/2001/10/xml-exc-c14n#"></ds:CanonicalizationMethod>
      <ds:SignatureMethod Algorithm="http://www.w3.org/2001/04/xmldsig-more#ecdsa-sha256"></ds:SignatureMethod>
      <ds:Reference Id="doc-1" URI="#data-2341ac23HAbcA">
        <ds:Transforms>
          <ds:Transform Algorithm="http://www.w3.org/2001/10/xml-exc-c14n#"></ds:Transform>
          <ds:Transform Algorithm="http://www.w3.org/TR/1999/REC-xpath-19991116">
            <ds:XPath>//text()</ds:XPath>
          </ds:Transform>
        </ds:Transforms>
        <ds:DigestMethod Algorithm="http://www.w3.org/2007/05/xmldsig-more#sha3-512"></ds:DigestMethod>
        <ds:DigestValue>
          9/rc+uGpJU5DtFG32TKp4IhgdYqPwFbW3SRNo9T+yYdDpgNkJead18A0hgfHuqiNmGRUUzab5yjY3JRl9/JPFw==
        </ds:DigestValue>
      </ds:Reference>
      <ds:Reference Id="doc-2" URI="#data-671ac23HAbcA">
        <ds:Transforms>
          <ds:Transform Algorithm="http://www.w3.org/2001/10/xml-exc-c14n#"></ds:Transform>
          <ds:Transform Algorithm="http://www.w3.org/TR/1999/REC-xpath-19991116">
            <ds:XPath>//text()</ds:XPath>
          </ds:Transform>
        </ds:Transforms>
        <ds:DigestMethod Algorithm="http://www.w3.org/2007/05/xmldsig-more#sha3-512"></ds:DigestMethod>
        <ds:DigestValue>
          ugt5zYrMB6JJG6kxdN6FE/jl5/AY4HsAsmZEJQ76CMvvAKm6xHtbF57c7wka3yah+sH6Ny5nNilFkejEHA53EA==
        </ds:DigestValue>
      </ds:Reference>
      <ds:Reference URI="#SignedProperties">
        <ds:Transforms>
          <ds:Transform Algorithm="http://www.w3.org/2001/10/xml-exc-c14n#"></ds:Transform>
        </ds:Transforms>
        <ds:DigestMethod Algorithm="http://www.w3.org/2007/05/xmldsig-more#sha3-512"></ds:DigestMethod>
        <ds:DigestValue>
          xCYLYaV5a/ps7Jo9Sm1rpRMOaQJwSP7UiQLHLCOqp3Fkk29tWgqPwU+058bPIApYFetrFWgJe4BEXFqdVTH4LQ==
        </ds:DigestValue>
      </ds:Reference>
    </ds:SignedInfo>
    <ds:SignatureValue>
      KY0wf10aYJYMmFPXlYjuU1w8rbiwQvhIQA39G/E1PWr8Tf+hytY4rrI2cJarTX0u9hdcD5IRXLwbFdbEwh4OwQ==
    </ds:SignatureValue>
    <ds:KeyInfo>
      <ds:X509Data>
        <ds:X509Certificate>
          MIICSDCCAe6gAwIBAgIId/hYJTbFRS4wCgYIKoZIzj0EAwIwWTELMAkGA1UEBhMCVVMxCzAJBgNVBAgMAkNBMRYwFAYDVQQHDA1TYW4gRnJhbmNpc2NvMQ0wCwYDVQQKDARBY21lMRYwFAYDVQQDDA1FQ0RTQSBSb290IENBMB4XDTI0MDUyNDE4MDczN1oXDTI1MDYyMzE4MTIzN1owUjELMAkGA1UEBhMCVVMxCzAJBgNVBAgMAkNBMRYwFAYDVQQHDA1TYW4gRnJhbmNpc2NvMQ0wCwYDVQQKDARBY21lMQ8wDQYDVQQDDAZTYW1wbGUwWTATBgcqhkjOPQIBBggqhkjOPQMBBwNCAAQBKfNKW9r25eXZ25pKP0NfIPaxt9BwNCtiO0EpcI365OhJKRKP2qELU6Auz/1AFNxbvgjRQnkNAIGuehhEgEyoo4GmMIGjMAkGA1UdEwQCMAAwDgYDVR0PAQH/BAQDAgWgMB0GA1UdJQQWMBQGCCsGAQUFBwMBBggrBgEFBQcDAjAdBgNVHQ4EFgQUC88+fy91JCQFPX0QMbkfsXabDscwHwYDVR0jBBgwFoAUbDh0/T+fgxWRLCVmQdY4pfPcyXswJwYDVR0RBCAwHoILZXhhbXBsZS5vcmeCD3d3dy5leGFtcGxlLm9yZzAKBggqhkjOPQQDAgNIADBFAiAo6lao2KcbFy4Mmc5QvsL4qxocKlyIZSo8t7jJf/YAQwIhAMRjGeMX71lpDybJVgwmWIbqrQLomFBEE06QxpCa1OOB
        </ds:X509Certificate>
      </ds:X509Data>
    </ds:KeyInfo>
    <ds:Object>
      <xades:QualifyingProperties xmlns:xades="http://uri.etsi.org/01903/v1.3.2#" Target="#signature_id">
        <xades:SignedProperties Id="SignedProperties">
          <xades:SignedSignatureProperties>
            <xades:SigningTime>
              2024-05-24 19:12:37.247070Z
            </xades:SigningTime>
            <xades:SigningCertificate>
              <xades:Cert>
                <xades:CertDigest>
                  <ds:DigestMethod Algorithm="http://www.w3.org/2001/04/xmlenc#sha256"></ds:DigestMethod>
                  <ds:DigestValue>
                    Q0Livp2w8M4Hi+06BOWjz0Ojb1C2eUTdNQe2jsp0r9M=
                  </ds:DigestValue>
                </xades:CertDigest>
                <xades:IssuerSerial>
                  <ds:X509IssuerName>
                    ECDSA Root CA
                  </ds:X509IssuerName>
                  <ds:X509SerialNumber>
                    8644756401593599278
                  </ds:X509SerialNumber>
                </xades:IssuerSerial>
              </xades:Cert>
            </xades:SigningCertificate>
            <xades:SignaturePolicyIdentifier>
              <xades:SignaturePolicyImplied></xades:SignaturePolicyImplied>
            </xades:SignaturePolicyIdentifier>
            <xades:SignatureProductionPlace>
              <xades:City>
                Stuttgart
              </xades:City>
              <xades:CountryName>
                Germany
              </xades:CountryName>
            </xades:SignatureProductionPlace>
            <xades:SignerRole>
              <xades:ClaimedRoles>
                <xades:ClaimedRole>
                  role1
                </xades:ClaimedRole>
                <xades:ClaimedRole>
                  role2
                </xades:ClaimedRole>
              </xades:ClaimedRoles>
              <xades:CertifiedRoles>

              </xades:CertifiedRoles>
            </xades:SignerRole>
          </xades:SignedSignatureProperties>
          <xades:SignedDataObjectProperties>
            <xades:DataObjectFormat ObjectReference="document1">
              <xades:MimeType>
                text/xml
              </xades:MimeType>
              <xades:Encoding>
                UTF-8
              </xades:Encoding>
              <xades:ObjectIdentifier>
                <xades:Description>
                  Die Beschreibung
                </xades:Description>
              </xades:ObjectIdentifier>
            </xades:DataObjectFormat>
            <xades:DataObjectFormat ObjectReference="document2">
              <xades:MimeType>
                text/xml
              </xades:MimeType>
              <xades:Encoding>
                UTF-8
              </xades:Encoding>
              <xades:ObjectIdentifier>
                <xades:Description>
                  Die Beschreibung
                </xades:Description>
              </xades:ObjectIdentifier>
            </xades:DataObjectFormat>
          </xades:SignedDataObjectProperties>
        </xades:SignedProperties>
        <xades:UnsignedProperties>
          <xades:UnsignedSignatureProperties></xades:UnsignedSignatureProperties>
        </xades:UnsignedProperties>
      </xades:QualifyingProperties>
    </ds:Object>
  </ds:Signature>
</SignatureDocument>