<SignatureDocument xmlns="http://uri.etsi.org/01903/v1.1.1#" elementFormDefault="qualified" targetNamespace="http://uri.etsi.org/01903/v1.1.1#">
  <Metadata>
    <baseUrl>https://documents.brifle.de/</baseUrl>
    <version>1.0</version>
  </Metadata>
  <ds:Signature xmlns:ds="http://www.w3.org/2000/09/xmldsig#" Id="signature_id">
    <ds:SignedInfo>
      <ds:CanonicalizationMethod Algorithm="http://www.w3.org/2001/10/xml-exc-c14n#"></ds:CanonicalizationMethod>
      <ds:SignatureMethod Algorithm="http://www.w3.org/2001/04/xmldsig-more#ecdsa-sha256"></ds:SignatureMethod>
      <ds:Reference Id="doc-1" URI="#data-2341ac23HAbcA">
        <ds:Transforms>
          <ds:Transform Algorithm="http://www.w3.org/2001/10/xml-exc-c14n#"></ds:Transform>
        </ds:Transforms>
        <ds:DigestMethod Algorithm="http://www.w3.org/2007/05/xmldsig-more#sha3-512"></ds:DigestMethod>
        <ds:DigestValue>
          Lm1XgFBVWK+dRSVTb+YYWc8XvqTemGRJiEpXI51CGFVw32M3KNwMrf9R2wD1H2cXuLzRcGyTGUVZxnAF/QridA==
        </ds:DigestValue>
      </ds:Reference>
      <ds:Reference Id="doc-2" URI="#data-671ac23HAbcA">
        <ds:Transforms>
          <ds:Transform Algorithm="http://www.w3.org/2001/10/xml-exc-c14n#"></ds:Transform>
        </ds:Transforms>
        <ds:DigestMethod Algorithm="http://www.w3.org/2007/05/xmldsig-more#sha3-512"></ds:DigestMethod>
        <ds:DigestValue>
          GCIJ8ibIDW4azJbsSTM9/RpLkETt4Da7U+CI3coz5iUOJ5S6/oM5UTsKrYIRQhCA/fN0ZZSc3tGOSHde3QhGcg==
        </ds:DigestValue>
      </ds:Reference>
      <ds:Reference URI="#SignedProperties">
        <ds:Transforms>
          <ds:Transform Algorithm="http://www.w3.org/2001/10/xml-exc-c14n#"></ds:Transform>
        </ds:Transforms>
        <ds:DigestMethod Algorithm="http://www.w3.org/2007/05/xmldsig-more#sha3-512"></ds:DigestMethod>
        <ds:DigestValue>
          KxeSyqLkXbe+e6EAfYv2htyR2wep1kS+7Kvl2NGS9t4BTT36F23sBdVzsoDBlq+n15uKccl94bNTk1+1UZ/cYQ==
        </ds:DigestValue>
      </ds:Reference>
    </ds:SignedInfo>
    <ds:SignatureValue>
      1bSuzkyotnPcvHunZas5P1PfatzjC9jCTuv1p17noUbSKG4AjrfMlLUJfbcAS1t6Ror1EDs5YKMD5MTT/HeePw==
    </ds:SignatureValue>
    <ds:KeyInfo>
      <ds:X509Data>
        <ds:X509Certificate>
          MIICSDCCAe+gAwIBAgIJAPKywifU+kAuMAoGCCqGSM49BAMCMFkxCzAJBgNVBAYTAlVTMQswCQYDVQQIDAJDQTEWMBQGA1UEBwwNU2FuIEZyYW5jaXNjbzENMAsGA1UECgwEQWNtZTEWMBQGA1UEAwwNRUNEU0EgUm9vdCBDQTAeFw0yNDA3MDIxODE3MDBaFw0yNTA4MDExODIyMDBaMFIxCzAJBgNVBAYTAlVTMQswCQYDVQQIDAJDQTEWMBQGA1UEBwwNU2FuIEZyYW5jaXNjbzENMAsGA1UECgwEQWNtZTEPMA0GA1UEAwwGU2FtcGxlMFkwEwYHKoZIzj0CAQYIKoZIzj0DAQcDQgAEf3L9YYVL+23y2cRgh6rWtZrmTga4Awdko43kcwqpOMu7QdOgm6tIJkOj0cvfpQoY8VeXCjHgh/Up6wz27xPn16OBpjCBozAJBgNVHRMEAjAAMA4GA1UdDwEB/wQEAwIFoDAdBgNVHSUEFjAUBggrBgEFBQcDAQYIKwYBBQUHAwIwHQYDVR0OBBYEFEf/hb1Jo1N7dPTi2Wz7t+7cktsbMB8GA1UdIwQYMBaAFGw4dP0/n4MVkSwlZkHWOKXz3Ml7MCcGA1UdEQQgMB6CC2V4YW1wbGUub3Jngg93d3cuZXhhbXBsZS5vcmcwCgYIKoZIzj0EAwIDRwAwRAIgaa3fwsujf/5CwD3jZ0kulCIm6g/B4pGa/WvV5mtQAroCICrZz5i0CyUvVOFNXva/5F66Pa4yy28o9sIBDtS7KkuQ
        </ds:X509Certificate>
      </ds:X509Data>
    </ds:KeyInfo>
    <ds:Object>
      <xades:QualifyingProperties xmlns:xades="http://uri.etsi.org/01903/v1.3.2#" Target="#signature_id">
        <xades:SignedProperties Id="SignedProperties">
          <xades:SignedSignatureProperties>
            <xades:SigningTime>
              2024-07-02 19:22:00.626007Z
            </xades:SigningTime>
            <xades:SigningCertificate>
              <xades:Cert>
                <xades:CertDigest>
                  <ds:DigestMethod Algorithm="http://www.w3.org/2001/04/xmlenc#sha256"></ds:DigestMethod>
                  <ds:DigestValue>
                    vQOyBMVmG2hYOADni9NDEMiu2ZDvayZgUeYotKb7qr0=
                  </ds:DigestValue>
                </xades:CertDigest>
                <xades:IssuerSerial>
                  <ds:X509IssuerName>
                    ECDSA Root CA
                  </ds:X509IssuerName>
                  <ds:X509SerialNumber>
                    17488253779365740590
                  </ds:X509SerialNumber>
                </xades:IssuerSerial>
              </xades:Cert>
            </xades:SigningCertificate>
            <xades:SignaturePolicyIdentifier>
              <xades:SignaturePolicyImplied></xades:SignaturePolicyImplied>
            </xades:SignaturePolicyIdentifier>
            <xades:SignatureProductionPlace>
              <xades:City>
                Stuttgart
              </xades:City>
              <xades:CountryName>
                Germany
              </xades:CountryName>
            </xades:SignatureProductionPlace>
            <xades:SignerRole>
              <xades:ClaimedRoles>
                <xades:ClaimedRole>
                  role with Ã¤
                </xades:ClaimedRole>
                <xades:ClaimedRole>
                  role2
                </xades:ClaimedRole>
              </xades:ClaimedRoles>
              <xades:CertifiedRoles>

              </xades:CertifiedRoles>
            </xades:SignerRole>
          </xades:SignedSignatureProperties>
          <xades:SignedDataObjectProperties>
            <xades:DataObjectFormat ObjectReference="#doc-1">
              <xades:MimeType>
                text/xml
              </xades:MimeType>
              <xades:Encoding>
                UTF-8
              </xades:Encoding>
              <xades:ObjectIdentifier>
                <xades:Description>
                  Die Beschreibung
                </xades:Description>
              </xades:ObjectIdentifier>
            </xades:DataObjectFormat>
            <xades:DataObjectFormat ObjectReference="#doc-2">
              <xades:MimeType>
                text/xml
              </xades:MimeType>
              <xades:Encoding>
                UTF-8
              </xades:Encoding>
              <xades:ObjectIdentifier>
                <xades:Description>
                  Die Beschreibung
                </xades:Description>
              </xades:ObjectIdentifier>
            </xades:DataObjectFormat>
          </xades:SignedDataObjectProperties>
        </xades:SignedProperties>
        <xades:UnsignedProperties>
          <xades:UnsignedSignatureProperties></xades:UnsignedSignatureProperties>
        </xades:UnsignedProperties>
      </xades:QualifyingProperties>
    </ds:Object>
  </ds:Signature>
</SignatureDocument>