<SignatureDocument elementFormDefault="qualified" targetNamespace="http://uri.etsi.org/01903/v1.1.1#" xmlns="http://uri.etsi.org/01903/v1.1.1#" xmlns:ds="http://www.w3.org/2000/09/xmldsig#" xmlns:xades="http://uri.etsi.org/01903/v1.3.2#" xmlns:xsd="http://www.w3.org/2001/XMLSchema">
  <Metadata>
    <baseUrl>https://documents.brifle.de/</baseUrl>
    <version>1.0</version>
  </Metadata>
  <ds:Signature Id="signature_id">
    <ds:SignedInfo>
      <ds:CanonicalizationMethod Algorithm="http://www.w3.org/2001/10/xml-exc-c14n#"/>
      <ds:SignatureMethod Algorithm="http://www.w3.org/2001/04/xmldsig-more#ecdsa-sha256"/>
      <ds:Reference Id="doc-1" URI="#data-2341ac23HAbcA">
        <ds:Transforms>
          <ds:Transform Algorithm="http://www.w3.org/2001/10/xml-exc-c14n#"/>
        </ds:Transforms>
        <ds:DigestMethod Algorithm="http://www.w3.org/2001/04/xmlenc#sha256"/>
        <ds:DigestValue>5kOnYTbNHwUF1VS1+TsWhtDCoQoIgDxu673iRyxAq/Q=</ds:DigestValue>
      </ds:Reference>
      <ds:Reference Type="http://uri.etsi.org/01903#SignedProperties" URI="#SignedProperties">
        <ds:Transforms>
          <ds:Transform Algorithm="http://www.w3.org/2001/10/xml-exc-c14n#"/>
        </ds:Transforms>
        <ds:DigestMethod Algorithm="http://www.w3.org/2001/04/xmlenc#sha256"/>
        <ds:DigestValue>PhKPiWO/UimUIsB3sy6bDGRaSRPskTxBm7S5Yol01K4=</ds:DigestValue>
      </ds:Reference>
    </ds:SignedInfo>
    <ds:SignatureValue>gOMM18ttWgaIDtiu8XPkbQI+r7jOGSaNeAbUxH3J9+ZR7GjBMwphanI4dafeHVoSe4nnZHe0saIaIYwCHkzkeA==</ds:SignatureValue>
    <ds:KeyInfo>
      <ds:X509Data>
        <ds:X509Certificate>
          MIICVjCCAfygAwIBAgIJAOKYG+Db4UlBMAoGCCqGSM49BAMCMGMxCzAJBgNVBAYTAkRFMQswCQYDVQQIDAJCVzESMBAGA1UEBwwJU3R1dHRnYXJ0MQ8wDQYDVQQKDAZCcmlmbGUxIjAgBgNVBAMMGUVDRFNBIEJyaWZsZSBUZXN0IFJvb3QgQ0EwHhcNMjQwODIwMTIzMTE4WhcNMjUwOTE5MTIzNjE4WjBVMQswCQYDVQQGEwJERTELMAkGA1UECAwCQlcxEjAQBgNVBAcMCVN0dXR0Z2FydDEPMA0GA1UECgwGQnJpZmxlMRQwEgYDVQQDDAtCcmlmbGUgVGVzdDBZMBMGByqGSM49AgEGCCqGSM49AwEHA0IABLtIeax1/Q8zg34fGZFcPswnDIEFZny5xjzwBVG2kSu0YDLS4lJDtQ0ViolDmSnEQPxIfZsCwGsHhMuw035BV0mjgaYwgaMwCQYDVR0TBAIwADAOBgNVHQ8BAf8EBAMCBaAwHQYDVR0lBBYwFAYIKwYBBQUHAwEGCCsGAQUFBwMCMB0GA1UdDgQWBBSqBwoTpfz2M1la5CxE+rVWg4MMkjAfBgNVHSMEGDAWgBRPpJkg47MaAy8pFiK83CFePlzkczAnBgNVHREEIDAeggtleGFtcGxlLm9yZ4IPd3d3LmV4YW1wbGUub3JnMAoGCCqGSM49BAMCA0gAMEUCIGim3SdAKIEETEHy7D+nikUb9TlJCVLSIDsiQm8tJzdaAiEA1+hGzLXYz1P4VafGo7tJcbDIl4yYCSufKsVCYlXwEKY=
        </ds:X509Certificate>
      </ds:X509Data>
    </ds:KeyInfo>
    <ds:Object>
      <xades:QualifyingProperties Target="#signature_id">
        <xades:SignedProperties Id="SignedProperties">
          <xades:SignedSignatureProperties>
            <xades:SigningTime>2024-08-20T13:36:18.529305Z</xades:SigningTime>
            <xades:SigningCertificate>
              <xades:Cert>
                <xades:CertDigest>
                  <ds:DigestMethod Algorithm="http://www.w3.org/2001/04/xmlenc#sha256"/>
                  <ds:DigestValue>3L0O832WmvW2VD9on4p0zzwsZf+GP8HwZjT3bJQfgGQ=</ds:DigestValue>
                </xades:CertDigest>
                <xades:IssuerSerial>
                  <ds:X509IssuerName>ECDSA Brifle Test Root CA</ds:X509IssuerName>
                  <ds:X509SerialNumber>16327831101607332161</ds:X509SerialNumber>
                </xades:IssuerSerial>
              </xades:Cert>
            </xades:SigningCertificate>
            <xades:SignaturePolicyIdentifier>
              <xades:SignaturePolicyImplied/>
            </xades:SignaturePolicyIdentifier>
            <xades:SignatureProductionPlace>
              <xades:City>
                Stuttgart
              </xades:City>
              <xades:CountryName>
                Germany
              </xades:CountryName>
            </xades:SignatureProductionPlace>
            <xades:SignerRole>
              <xades:ClaimedRoles>
                <xades:ClaimedRole>
                  role with Ã¤
                </xades:ClaimedRole>
                <xades:ClaimedRole>
                  role2
                </xades:ClaimedRole>
              </xades:ClaimedRoles>
            </xades:SignerRole>
          </xades:SignedSignatureProperties>
          <xades:SignedDataObjectProperties>
            <xades:DataObjectFormat ObjectReference="#doc-1">
              <xades:ObjectIdentifier>
                <xades:Identifier>
                  https://docs.brifle.de/2341ac23HAbcA
                </xades:Identifier>
                <xades:Description>
                  Die Beschreibung
                </xades:Description>
              </xades:ObjectIdentifier>
              <xades:MimeType>
                text/xml
              </xades:MimeType>
              <xades:Encoding>
                UTF-8
              </xades:Encoding>
            </xades:DataObjectFormat>
            <xades:DataObjectFormat ObjectReference="#doc-2">
              <xades:ObjectIdentifier>
                <xades:Identifier>
                  https://docs.brifle.de/671ac23HAbcA
                </xades:Identifier>
                <xades:Description>
                  Die Beschreibung
                </xades:Description>
              </xades:ObjectIdentifier>
              <xades:MimeType>
                text/xml
              </xades:MimeType>
              <xades:Encoding>
                UTF-8
              </xades:Encoding>
            </xades:DataObjectFormat>
          </xades:SignedDataObjectProperties>
        </xades:SignedProperties>
      </xades:QualifyingProperties>
    </ds:Object>
  </ds:Signature>
  <ContentExport>
    <SignatureContent id="data-2341ac23HAbcA"><![CDATA[{"content": {"data":<jallow attribute="world">hello"</jallow>}}]]></SignatureContent>
  </ContentExport>
</SignatureDocument>