<SignatureDocument xmlns="http://uri.etsi.org/01903/v1.1.1#" elementFormDefault="qualified" targetNamespace="http://uri.etsi.org/01903/v1.1.1#">
  <Metadata>
    <baseUrl>https://documents.brifle.de/</baseUrl>
    <version>1.0</version>
  </Metadata>
  <ds:Signature xmlns:ds="http://www.w3.org/2000/09/xmldsig#" id="signature_id">
    <ds:SignedInfo>
      <ds:CanonicalizationMethod Algorithm="http://www.w3.org/2001/10/xml-exc-c14n#"></ds:CanonicalizationMethod>
      <ds:SignatureMethod Algorithm="http://www.w3.org/2007/05/xmldsig-more#ecdsa-sha3-512"></ds:SignatureMethod>
      <ds:Reference ID="doc-1" URI="https://documents.brifle.de/2341ac23HAbcA">
        <ds:DigestMethod Algorithm="http://www.w3.org/2007/05/xmldsig-more#sha3-512"></ds:DigestMethod>
        <ds:DigestValue>
          9/rc+uGpJU5DtFG32TKp4IhgdYqPwFbW3SRNo9T+yYdDpgNkJead18A0hgfHuqiNmGRUUzab5yjY3JRl9/JPFw==
        </ds:DigestValue>
      </ds:Reference>
      <ds:Reference ID="doc-2" URI="https://documents.brifle.de/671ac23HAbcA">
        <ds:DigestMethod Algorithm="http://www.w3.org/2007/05/xmldsig-more#sha3-512"></ds:DigestMethod>
        <ds:DigestValue>
          ugt5zYrMB6JJG6kxdN6FE/jl5/AY4HsAsmZEJQ76CMvvAKm6xHtbF57c7wka3yah+sH6Ny5nNilFkejEHA53EA==
        </ds:DigestValue>
      </ds:Reference>
      <ds:Reference URI="#SignedProperties">
        <ds:DigestMethod Algorithm="http://www.w3.org/2007/05/xmldsig-more#sha3-512"></ds:DigestMethod>
        <ds:DigestValue>
          8ZUyDdJONWSxRfsR4+CuRiid+c7v/jifl3ktry+1Atidy/b6h9N5BbXkwnd+LK8CFSORD+9Sk5PPatFuqfjgew==
        </ds:DigestValue>
      </ds:Reference>
    </ds:SignedInfo>
    <ds:SignatureValue>
      MEQCIHqnm4Ra9RITafVNDc7PvmdxhXdXISN/p6k2pR1oQ5PPAiBNCiuVizHBHY2zh2wTiwlDliAMA8NzGCNQMo90R/qP2Q==
    </ds:SignatureValue>
    <ds:Object>
      <QualifyingProperties Target="#signature_id">
        <SignedProperties>
          <SignedSignatureProperties>
            <SigningTime>
              2024-01-14 22:48:05.136768Z
            </SigningTime>
            <SigningCertificate>
              <Cert>
                <CertDigest>
                  <DigestMethod Algorithm="http://www.w3.org/2001/04/xmlenc#sha256"></DigestMethod>
                  <DigestValue>
                    YXwpHRvq6wLph+aVPQ19KEpT5qR7DikS4Wu06GY50j0=
                  </DigestValue>
                </CertDigest>
                <IssuerSerial>
                  <X509IssuerName>
                    ECDSA Root CA
                  </X509IssuerName>
                  <X509SerialNumber>
                    653426713161958364
                  </X509SerialNumber>
                </IssuerSerial>
              </Cert>
            </SigningCertificate>
            <SignaturePolicyIdentifier>
              <SignaturePolicyImplied></SignaturePolicyImplied>
            </SignaturePolicyIdentifier>
            <SignatureProductionPlace>
              <City>
                Stuttgart
              </City>
              <CountryName>
                Germany
              </CountryName>
            </SignatureProductionPlace>
            <SignerRole>
              <ClaimedRoles>
                <ClaimedRole>
                  role with Ã¤
                </ClaimedRole>
                <ClaimedRole>
                  role2
                </ClaimedRole>
              </ClaimedRoles>
              <CertifiedRoles>

              </CertifiedRoles>
            </SignerRole>
          </SignedSignatureProperties>
          <SignedDataObjectProperties>
            <DataObjectFormat ObjectReference="#doc-1">
              <MimeType>
                text/xml
              </MimeType>
              <Encoding>
                UTF-8
              </Encoding>
              <ObjectIdentifier>
                <Description>
                  Die Beschreibung
                </Description>
              </ObjectIdentifier>
            </DataObjectFormat>
            <DataObjectFormat ObjectReference="#doc-2">
              <MimeType>
                text/xml
              </MimeType>
              <Encoding>
                UTF-8
              </Encoding>
              <ObjectIdentifier>
                <Description>
                  Die Beschreibung
                </Description>
              </ObjectIdentifier>
            </DataObjectFormat>
          </SignedDataObjectProperties>
        </SignedProperties>
        <UnsignedProperties>
          <UnsignedSignatureProperties></UnsignedSignatureProperties>
        </UnsignedProperties>
      </QualifyingProperties>
    </ds:Object>
    <ds:KeyInfo>
      <ds:X509Data>
        <ds:X509Certificate>
          -----BEGIN CERTIFICATE-----
MIICRzCCAe6gAwIBAgIICRFwIjTFA9wwCgYIKoZIzj0EAwIwWTELMAkGA1UEBhMC
VVMxCzAJBgNVBAgMAkNBMRYwFAYDVQQHDA1TYW4gRnJhbmNpc2NvMQ0wCwYDVQQK
DARBY21lMRYwFAYDVQQDDA1FQ0RTQSBSb290IENBMB4XDTI0MDExNDIxNDMwNVoX
DTI1MDIxMjIxNDgwNVowUjELMAkGA1UEBhMCVVMxCzAJBgNVBAgMAkNBMRYwFAYD
VQQHDA1TYW4gRnJhbmNpc2NvMQ0wCwYDVQQKDARBY21lMQ8wDQYDVQQDDAZTYW1w
bGUwWTATBgcqhkjOPQIBBggqhkjOPQMBBwNCAARW0krcc2U3Dtn3h3whowpcUZo/
PTE3ym+yfImNruUXMe9R0mJyC+WsafWXyTqJ7TaQKiCmbWRSiIi08dVgKzkfo4Gm
MIGjMAkGA1UdEwQCMAAwDgYDVR0PAQH/BAQDAgWgMB0GA1UdJQQWMBQGCCsGAQUF
BwMBBggrBgEFBQcDAjAdBgNVHQ4EFgQUZgxzaeYoIDnX1/Nb3ZWfZsEKuuEwHwYD
VR0jBBgwFoAU4VOxMz1dRSaPsCTA3bntdvdrZAwwJwYDVR0RBCAwHoILZXhhbXBs
ZS5vcmeCD3d3dy5leGFtcGxlLm9yZzAKBggqhkjOPQQDAgNHADBEAiAk9m1YvGl3
FsJQ/yEJqF/J6KWtp3dwNI4YrPbN3CV37gIgAhBne6GLqV2z/FC6uU6UJaAHd8bx
Q9G17ZNtZApgDSA=
-----END CERTIFICATE-----
        </ds:X509Certificate>
      </ds:X509Data>
    </ds:KeyInfo>
  </ds:Signature>
</SignatureDocument>