<SignatureDocument xmlns="http://uri.etsi.org/01903/v1.1.1#" elementFormDefault="qualified" targetNamespace="http://uri.etsi.org/01903/v1.1.1#">
  <Metadata>
    <baseUrl>https://documents.brifle.de/</baseUrl>
    <version>1.0</version>
  </Metadata>
  <ds:Signature xmlns:ds="http://www.w3.org/2000/09/xmldsig#" id="signature_id">
    <ds:SignedInfo>
      <ds:CanonicalizationMethod Algorithm="http://www.w3.org/2001/10/xml-exc-c14n#"></ds:CanonicalizationMethod>
      <ds:SignatureMethod Algorithm="http://www.w3.org/2007/05/xmldsig-more#ecdsa-sha3-512"></ds:SignatureMethod>
      <ds:Reference ID="doc-1" URI="#data-2341ac23HAbcA">
        <ds:Transforms>
          <ds:Transform Algorithm="http://www.w3.org/2001/10/xml-exc-c14n#"></ds:Transform>
          <ds:Transform Algorithm="http://www.w3.org/TR/1999/REC-xpath-19991116">
            <ds:XPath>//text()</ds:XPath>
          </ds:Transform>
        </ds:Transforms>
        <ds:DigestMethod Algorithm="http://www.w3.org/2007/05/xmldsig-more#sha3-512"></ds:DigestMethod>
        <ds:DigestValue>
          9/rc+uGpJU5DtFG32TKp4IhgdYqPwFbW3SRNo9T+yYdDpgNkJead18A0hgfHuqiNmGRUUzab5yjY3JRl9/JPFw==
        </ds:DigestValue>
      </ds:Reference>
      <ds:Reference ID="doc-2" URI="#data-671ac23HAbcA">
        <ds:Transforms>
          <ds:Transform Algorithm="http://www.w3.org/2001/10/xml-exc-c14n#"></ds:Transform>
          <ds:Transform Algorithm="http://www.w3.org/TR/1999/REC-xpath-19991116">
            <ds:XPath>//text()</ds:XPath>
          </ds:Transform>
        </ds:Transforms>
        <ds:DigestMethod Algorithm="http://www.w3.org/2007/05/xmldsig-more#sha3-512"></ds:DigestMethod>
        <ds:DigestValue>
          ugt5zYrMB6JJG6kxdN6FE/jl5/AY4HsAsmZEJQ76CMvvAKm6xHtbF57c7wka3yah+sH6Ny5nNilFkejEHA53EA==
        </ds:DigestValue>
      </ds:Reference>
      <ds:Reference URI="#SignedProperties">
        <ds:Transforms>
          <ds:Transform Algorithm="http://www.w3.org/2001/10/xml-exc-c14n#"></ds:Transform>
        </ds:Transforms>
        <ds:DigestMethod Algorithm="http://www.w3.org/2007/05/xmldsig-more#sha3-512"></ds:DigestMethod>
        <ds:DigestValue>
          5miTXcDTGugvP49wjTnOXwMoe0OaxPqmj1kHuqGY2bcVJls3/3bju9TVptYr2SC+cjN7FOAtClCFksmLVEaLxA==
        </ds:DigestValue>
      </ds:Reference>
    </ds:SignedInfo>
    <ds:SignatureValue>
      MEQCIBqXausj0QoTLjPGAwwhYtvWuzUSb6N4Wi31SOTx8GMOAiBJAnpbKpuPtNzia1lphmxQJ4JLSG/0hb9bt3gD1+VQGg==
    </ds:SignatureValue>
    <ds:Object>
      <QualifyingProperties Target="#signature_id">
        <SignedProperties ID="SignedProperties">
          <SignedSignatureProperties>
            <SigningTime>
              2024-05-23 19:15:42.065448Z
            </SigningTime>
            <SigningCertificate>
              <Cert>
                <CertDigest>
                  <DigestMethod Algorithm="http://www.w3.org/2001/04/xmlenc#sha256"></DigestMethod>
                  <DigestValue>
                    +yG133URZ97E+QWfA+Xe9Bho4ec/A6wWinK0Ig1Cdww=
                  </DigestValue>
                </CertDigest>
                <IssuerSerial>
                  <X509IssuerName>
                    ECDSA Root CA
                  </X509IssuerName>
                  <X509SerialNumber>
                    9952208425452875753
                  </X509SerialNumber>
                </IssuerSerial>
              </Cert>
            </SigningCertificate>
            <SignaturePolicyIdentifier>
              <SignaturePolicyImplied></SignaturePolicyImplied>
            </SignaturePolicyIdentifier>
            <SignatureProductionPlace>
              <City>
                Stuttgart
              </City>
              <CountryName>
                Germany
              </CountryName>
            </SignatureProductionPlace>
            <SignerRole>
              <ClaimedRoles>
                <ClaimedRole>
                  role with Ã¤
                </ClaimedRole>
                <ClaimedRole>
                  role2
                </ClaimedRole>
              </ClaimedRoles>
              <CertifiedRoles>

              </CertifiedRoles>
            </SignerRole>
          </SignedSignatureProperties>
          <SignedDataObjectProperties>
            <DataObjectFormat ObjectReference="#doc-1">
              <MimeType>
                text/xml
              </MimeType>
              <Encoding>
                UTF-8
              </Encoding>
              <ObjectIdentifier>
                <Description>
                  Die Beschreibung
                </Description>
              </ObjectIdentifier>
            </DataObjectFormat>
            <DataObjectFormat ObjectReference="#doc-2">
              <MimeType>
                text/xml
              </MimeType>
              <Encoding>
                UTF-8
              </Encoding>
              <ObjectIdentifier>
                <Description>
                  Die Beschreibung
                </Description>
              </ObjectIdentifier>
            </DataObjectFormat>
          </SignedDataObjectProperties>
        </SignedProperties>
        <UnsignedProperties>
          <UnsignedSignatureProperties></UnsignedSignatureProperties>
        </UnsignedProperties>
      </QualifyingProperties>
    </ds:Object>
    <ds:KeyInfo>
      <ds:X509Data>
        <ds:X509Certificate>
          -----BEGIN CERTIFICATE-----
MIICSDCCAe+gAwIBAgIJAIodWNV5xK/pMAoGCCqGSM49BAMCMFkxCzAJBgNVBAYT
AlVTMQswCQYDVQQIDAJDQTEWMBQGA1UEBwwNU2FuIEZyYW5jaXNjbzENMAsGA1UE
CgwEQWNtZTEWMBQGA1UEAwwNRUNEU0EgUm9vdCBDQTAeFw0yNDA1MjMxODEwNDJa
Fw0yNTA2MjIxODE1NDJaMFIxCzAJBgNVBAYTAlVTMQswCQYDVQQIDAJDQTEWMBQG
A1UEBwwNU2FuIEZyYW5jaXNjbzENMAsGA1UECgwEQWNtZTEPMA0GA1UEAwwGU2Ft
cGxlMFkwEwYHKoZIzj0CAQYIKoZIzj0DAQcDQgAE+kFb2zj06cIVN0g00UcFKwN8
mwT3Lmvnty3GERx6oWnz43KKIdpKo41yHCBPAlRSaWElp2A2iGCa28J5P9FUpKOB
pjCBozAJBgNVHRMEAjAAMA4GA1UdDwEB/wQEAwIFoDAdBgNVHSUEFjAUBggrBgEF
BQcDAQYIKwYBBQUHAwIwHQYDVR0OBBYEFFeK2AdV7kqS4b9oijUh375xNhMxMB8G
A1UdIwQYMBaAFByZm/KIbEqv/jQwQwAwkT/9XH+MMCcGA1UdEQQgMB6CC2V4YW1w
bGUub3Jngg93d3cuZXhhbXBsZS5vcmcwCgYIKoZIzj0EAwIDRwAwRAIgM6VdiUq8
3ujWM7uABZX9TYsuynQTak36U/MXzLETIAYCIGtDAhIycDQFdnXSGcLyYzSEeLBJ
OvTJ5M0DOvv/366D
-----END CERTIFICATE-----
        </ds:X509Certificate>
      </ds:X509Data>
    </ds:KeyInfo>
  </ds:Signature>
</SignatureDocument>