<SignatureDocument xmlns="http://uri.etsi.org/01903/v1.1.1#" elementFormDefault="qualified" targetNamespace="http://uri.etsi.org/01903/v1.1.1#">
  <Metadata>
    <baseUrl>https://documents.brifle.de/</baseUrl>
    <version>1.0</version>
  </Metadata>
  <ds:Signature xmlns:ds="http://www.w3.org/2000/09/xmldsig#" Id="signature_id">
    <ds:SignedInfo>
      <ds:CanonicalizationMethod Algorithm="http://www.w3.org/2001/10/xml-exc-c14n#"></ds:CanonicalizationMethod>
      <ds:SignatureMethod Algorithm="http://www.w3.org/2001/04/xmldsig-more#ecdsa-sha256"></ds:SignatureMethod>
      <ds:Reference Id="doc-1" URI="#data-2341ac23HAbcA">
        <ds:Transforms>
          <ds:Transform Algorithm="http://www.w3.org/2001/10/xml-exc-c14n#"></ds:Transform>
        </ds:Transforms>
        <ds:DigestMethod Algorithm="http://www.w3.org/2007/05/xmldsig-more#sha3-512"></ds:DigestMethod>
        <ds:DigestValue>
          Lm1XgFBVWK+dRSVTb+YYWc8XvqTemGRJiEpXI51CGFVw32M3KNwMrf9R2wD1H2cXuLzRcGyTGUVZxnAF/QridA==
        </ds:DigestValue>
      </ds:Reference>
      <ds:Reference Id="doc-2" URI="#data-671ac23HAbcA">
        <ds:Transforms>
          <ds:Transform Algorithm="http://www.w3.org/2001/10/xml-exc-c14n#"></ds:Transform>
        </ds:Transforms>
        <ds:DigestMethod Algorithm="http://www.w3.org/2007/05/xmldsig-more#sha3-512"></ds:DigestMethod>
        <ds:DigestValue>
          GCIJ8ibIDW4azJbsSTM9/RpLkETt4Da7U+CI3coz5iUOJ5S6/oM5UTsKrYIRQhCA/fN0ZZSc3tGOSHde3QhGcg==
        </ds:DigestValue>
      </ds:Reference>
      <ds:Reference URI="#SignedProperties">
        <ds:Transforms>
          <ds:Transform Algorithm="http://www.w3.org/2001/10/xml-exc-c14n#"></ds:Transform>
        </ds:Transforms>
        <ds:DigestMethod Algorithm="http://www.w3.org/2007/05/xmldsig-more#sha3-512"></ds:DigestMethod>
        <ds:DigestValue>
          ztxFLxHJ48ZK9MJeMiQZ7UvTmkxYX2j/b8/ZHMq2XIhwiTmnpvlYDVsDjvi+arteRSAA9tkxp/q7fhJrs6dj9A==
        </ds:DigestValue>
      </ds:Reference>
    </ds:SignedInfo>
    <ds:SignatureValue>
      dcx28Ymyvp80oCBZcTpuskYHJ7Ar0+yFvFarszbBgi+r3aXXUoeEPPTxdGFEpoPuQb7DpVaVIDQ9dnUPbGJedQ==
    </ds:SignatureValue>
    <ds:KeyInfo>
      <ds:X509Data>
        <ds:X509Certificate>
          MIICSDCCAe+gAwIBAgIJAPH/5fgR7ma9MAoGCCqGSM49BAMCMFkxCzAJBgNVBAYTAlVTMQswCQYDVQQIDAJDQTEWMBQGA1UEBwwNU2FuIEZyYW5jaXNjbzENMAsGA1UECgwEQWNtZTEWMBQGA1UEAwwNRUNEU0EgUm9vdCBDQTAeFw0yNDA1MjUxODMzMTVaFw0yNTA2MjQxODM4MTVaMFIxCzAJBgNVBAYTAlVTMQswCQYDVQQIDAJDQTEWMBQGA1UEBwwNU2FuIEZyYW5jaXNjbzENMAsGA1UECgwEQWNtZTEPMA0GA1UEAwwGU2FtcGxlMFkwEwYHKoZIzj0CAQYIKoZIzj0DAQcDQgAEij8BIuAtYDAoNwM7JYGnds/739W8+q3w7wiUKjhNQUUKONIaqLUDlDWEYqMu3BUh+jCCx0j1kDHhDCIUuKMNvKOBpjCBozAJBgNVHRMEAjAAMA4GA1UdDwEB/wQEAwIFoDAdBgNVHSUEFjAUBggrBgEFBQcDAQYIKwYBBQUHAwIwHQYDVR0OBBYEFNp9RPeILu82DbCVesnQt4rUK3d8MB8GA1UdIwQYMBaAFGw4dP0/n4MVkSwlZkHWOKXz3Ml7MCcGA1UdEQQgMB6CC2V4YW1wbGUub3Jngg93d3cuZXhhbXBsZS5vcmcwCgYIKoZIzj0EAwIDRwAwRAIgBlKkj6E/KC2Lcj1sfKTyaCd2zSJa3W+qJMUdWcftg4QCIBCyvxSDSD/FvY4oceIHy0JcCUUi40ZGvYgcjgpbgBCZ
        </ds:X509Certificate>
      </ds:X509Data>
    </ds:KeyInfo>
    <ds:Object>
      <xades:QualifyingProperties xmlns:xades="http://uri.etsi.org/01903/v1.3.2#" Target="#signature_id">
        <xades:SignedProperties Id="SignedProperties">
          <xades:SignedSignatureProperties>
            <xades:SigningTime>
              2024-05-25 19:38:15.724556Z
            </xades:SigningTime>
            <xades:SigningCertificate>
              <xades:Cert>
                <xades:CertDigest>
                  <ds:DigestMethod Algorithm="http://www.w3.org/2001/04/xmlenc#sha256"></ds:DigestMethod>
                  <ds:DigestValue>
                    6B9r+3ov3LhKi/VvhRmrqk4azeAk7aWfOzAC30B3H2Y=
                  </ds:DigestValue>
                </xades:CertDigest>
                <xades:IssuerSerial>
                  <ds:X509IssuerName>
                    ECDSA Root CA
                  </ds:X509IssuerName>
                  <ds:X509SerialNumber>
                    17437909135817336509
                  </ds:X509SerialNumber>
                </xades:IssuerSerial>
              </xades:Cert>
            </xades:SigningCertificate>
            <xades:SignaturePolicyIdentifier>
              <xades:SignaturePolicyImplied></xades:SignaturePolicyImplied>
            </xades:SignaturePolicyIdentifier>
            <xades:SignatureProductionPlace>
              <xades:City>
                Stuttgart
              </xades:City>
              <xades:CountryName>
                Germany
              </xades:CountryName>
            </xades:SignatureProductionPlace>
            <xades:SignerRole>
              <xades:ClaimedRoles>
                <xades:ClaimedRole>
                  role with Ã¤
                </xades:ClaimedRole>
                <xades:ClaimedRole>
                  role2
                </xades:ClaimedRole>
              </xades:ClaimedRoles>
              <xades:CertifiedRoles>

              </xades:CertifiedRoles>
            </xades:SignerRole>
          </xades:SignedSignatureProperties>
          <xades:SignedDataObjectProperties>
            <xades:DataObjectFormat ObjectReference="#doc-1">
              <xades:MimeType>
                text/xml
              </xades:MimeType>
              <xades:Encoding>
                UTF-8
              </xades:Encoding>
              <xades:ObjectIdentifier>
                <xades:Description>
                  Die Beschreibung
                </xades:Description>
              </xades:ObjectIdentifier>
            </xades:DataObjectFormat>
            <xades:DataObjectFormat ObjectReference="#doc-2">
              <xades:MimeType>
                text/xml
              </xades:MimeType>
              <xades:Encoding>
                UTF-8
              </xades:Encoding>
              <xades:ObjectIdentifier>
                <xades:Description>
                  Die Beschreibung
                </xades:Description>
              </xades:ObjectIdentifier>
            </xades:DataObjectFormat>
          </xades:SignedDataObjectProperties>
        </xades:SignedProperties>
        <xades:UnsignedProperties>
          <xades:UnsignedSignatureProperties></xades:UnsignedSignatureProperties>
        </xades:UnsignedProperties>
      </xades:QualifyingProperties>
    </ds:Object>
  </ds:Signature>
</SignatureDocument>