<SignatureDocument xmlns="http://uri.etsi.org/01903/v1.1.1#" elementFormDefault="qualified" targetNamespace="http://uri.etsi.org/01903/v1.1.1#">
  <Metadata>
    <baseUrl>https://documents.brifle.de/</baseUrl>
    <version>1.0</version>
  </Metadata>
  <ds:Signature xmlns:ds="http://www.w3.org/2000/09/xmldsig#" id="signature_id">
    <ds:SignedInfo>
      <ds:CanonicalizationMethod Algorithm="http://www.w3.org/2001/10/xml-exc-c14n#"></ds:CanonicalizationMethod>
      <ds:SignatureMethod Algorithm="http://www.w3.org/2007/05/xmldsig-more#ecdsa-sha3-512"></ds:SignatureMethod>
      <ds:Reference ID="doc-1" URI="#data-2341ac23HAbcA">
        <ds:DigestMethod Algorithm="http://www.w3.org/2007/05/xmldsig-more#sha3-512"></ds:DigestMethod>
        <ds:DigestValue>
          9/rc+uGpJU5DtFG32TKp4IhgdYqPwFbW3SRNo9T+yYdDpgNkJead18A0hgfHuqiNmGRUUzab5yjY3JRl9/JPFw==
        </ds:DigestValue>
      </ds:Reference>
      <ds:Reference ID="doc-2" URI="#data-671ac23HAbcA">
        <ds:DigestMethod Algorithm="http://www.w3.org/2007/05/xmldsig-more#sha3-512"></ds:DigestMethod>
        <ds:DigestValue>
          ugt5zYrMB6JJG6kxdN6FE/jl5/AY4HsAsmZEJQ76CMvvAKm6xHtbF57c7wka3yah+sH6Ny5nNilFkejEHA53EA==
        </ds:DigestValue>
      </ds:Reference>
      <ds:Reference URI="#SignedProperties">
        <ds:DigestMethod Algorithm="http://www.w3.org/2007/05/xmldsig-more#sha3-512"></ds:DigestMethod>
        <ds:DigestValue>
          XkKGVvyQiU4QMhHXWWndh3RHuhiQGH8352RXPpI9VOq/37xRj5ZwnDOejW8jN6yGS6sfYjBkWYZ50rj12z7kmQ==
        </ds:DigestValue>
      </ds:Reference>
    </ds:SignedInfo>
    <ds:SignatureValue>
      MEQCID2AcUMoZca59I7DcjiqyLwISlamtudZbfY16MzaEYkjAiB2vBW1IsQj5nebxrVDBTs8/Rd6yKAs5N/yYPsTzwVHwQ==
    </ds:SignatureValue>
    <ds:Object>
      <QualifyingProperties Target="#signature_id">
        <SignedProperties>
          <SignedSignatureProperties>
            <SigningTime>
              2024-01-25 22:31:32.234106Z
            </SigningTime>
            <SigningCertificate>
              <Cert>
                <CertDigest>
                  <DigestMethod Algorithm="http://www.w3.org/2001/04/xmlenc#sha256"></DigestMethod>
                  <DigestValue>
                    W/ZO9SNnNwpchfST6KzhfFiH8c62QGv/lhA2LzBj36w=
                  </DigestValue>
                </CertDigest>
                <IssuerSerial>
                  <X509IssuerName>
                    ECDSA Root CA
                  </X509IssuerName>
                  <X509SerialNumber>
                    6189481007350160185
                  </X509SerialNumber>
                </IssuerSerial>
              </Cert>
            </SigningCertificate>
            <SignaturePolicyIdentifier>
              <SignaturePolicyImplied></SignaturePolicyImplied>
            </SignaturePolicyIdentifier>
            <SignatureProductionPlace>
              <City>
                Stuttgart
              </City>
              <CountryName>
                Germany
              </CountryName>
            </SignatureProductionPlace>
            <SignerRole>
              <ClaimedRoles>
                <ClaimedRole>
                  role with Ã¤
                </ClaimedRole>
                <ClaimedRole>
                  role2
                </ClaimedRole>
              </ClaimedRoles>
              <CertifiedRoles>

              </CertifiedRoles>
            </SignerRole>
          </SignedSignatureProperties>
          <SignedDataObjectProperties>
            <DataObjectFormat ObjectReference="#doc-1">
              <MimeType>
                text/xml
              </MimeType>
              <Encoding>
                UTF-8
              </Encoding>
              <ObjectIdentifier>
                <Description>
                  Die Beschreibung
                </Description>
              </ObjectIdentifier>
            </DataObjectFormat>
            <DataObjectFormat ObjectReference="#doc-2">
              <MimeType>
                text/xml
              </MimeType>
              <Encoding>
                UTF-8
              </Encoding>
              <ObjectIdentifier>
                <Description>
                  Die Beschreibung
                </Description>
              </ObjectIdentifier>
            </DataObjectFormat>
          </SignedDataObjectProperties>
        </SignedProperties>
        <UnsignedProperties>
          <UnsignedSignatureProperties></UnsignedSignatureProperties>
        </UnsignedProperties>
      </QualifyingProperties>
    </ds:Object>
    <ds:KeyInfo>
      <ds:X509Data>
        <ds:X509Certificate>
          -----BEGIN CERTIFICATE-----
MIICSDCCAe6gAwIBAgIIVeV0LtMiGzkwCgYIKoZIzj0EAwIwWTELMAkGA1UEBhMC
VVMxCzAJBgNVBAgMAkNBMRYwFAYDVQQHDA1TYW4gRnJhbmNpc2NvMQ0wCwYDVQQK
DARBY21lMRYwFAYDVQQDDA1FQ0RTQSBSb290IENBMB4XDTI0MDEyNTIxMjYzMloX
DTI1MDIyMzIxMzEzMlowUjELMAkGA1UEBhMCVVMxCzAJBgNVBAgMAkNBMRYwFAYD
VQQHDA1TYW4gRnJhbmNpc2NvMQ0wCwYDVQQKDARBY21lMQ8wDQYDVQQDDAZTYW1w
bGUwWTATBgcqhkjOPQIBBggqhkjOPQMBBwNCAATczvuwF2JdMG6NQUsGSWemh+q5
bKlY0APETE9E+lrAGcsw9eNYZZvCzlvxp+0zQTTQ2HFxcXWL3KFm3sFpYuTEo4Gm
MIGjMAkGA1UdEwQCMAAwDgYDVR0PAQH/BAQDAgWgMB0GA1UdJQQWMBQGCCsGAQUF
BwMBBggrBgEFBQcDAjAdBgNVHQ4EFgQUsy/u6IUYf7fFHlZbc0zX4Oo66tQwHwYD
VR0jBBgwFoAU6zG54BgL/+kAA2P9WkAQxpkDfKowJwYDVR0RBCAwHoILZXhhbXBs
ZS5vcmeCD3d3dy5leGFtcGxlLm9yZzAKBggqhkjOPQQDAgNIADBFAiAgNGcmGp1e
DdKFXqx+dpANdlWWlcQp2mOk83268Z7tiwIhAPLQYg41KNIVSKfhSZt/OjO1twWi
vgXLp2dJIyBH9h08
-----END CERTIFICATE-----
        </ds:X509Certificate>
      </ds:X509Data>
    </ds:KeyInfo>
  </ds:Signature>
</SignatureDocument>