<SignatureDocument xmlns="http://uri.etsi.org/01903/v1.1.1#" elementFormDefault="qualified" targetNamespace="http://uri.etsi.org/01903/v1.1.1#">
  <Metadata>
    <baseUrl>https://documents.brifle.de/</baseUrl>
    <version>1.0</version>
  </Metadata>
  <ds:Signature xmlns:ds="http://www.w3.org/2000/09/xmldsig#" Id="signature_id">
    <ds:SignedInfo>
      <ds:CanonicalizationMethod Algorithm="http://www.w3.org/2001/10/xml-exc-c14n#"></ds:CanonicalizationMethod>
      <ds:SignatureMethod Algorithm="http://www.w3.org/2001/04/xmldsig-more#ecdsa-sha256"></ds:SignatureMethod>
      <ds:Reference Id="doc-1" URI="#data-2341ac23HAbcA">
        <ds:Transforms>
          <ds:Transform Algorithm="http://www.w3.org/2001/10/xml-exc-c14n#"></ds:Transform>
        </ds:Transforms>
        <ds:DigestMethod Algorithm="http://www.w3.org/2001/04/xmlenc#sha256"></ds:DigestMethod>
        <ds:DigestValue>
          HJkta1AHXBxZvCCusy+RxQzVS+LU2lj1eklx8jCt6ok=
        </ds:DigestValue>
      </ds:Reference>
      <ds:Reference Id="doc-2" URI="#data-671ac23HAbcA">
        <ds:Transforms>
          <ds:Transform Algorithm="http://www.w3.org/2001/10/xml-exc-c14n#"></ds:Transform>
        </ds:Transforms>
        <ds:DigestMethod Algorithm="http://www.w3.org/2001/04/xmlenc#sha256"></ds:DigestMethod>
        <ds:DigestValue>
          EC37eIt+JvnEjFS7wKkAmDeI7VsT4bi81/dK3uZnt9I=
        </ds:DigestValue>
      </ds:Reference>
      <ds:Reference URI="#SignedProperties">
        <ds:Transforms>
          <ds:Transform Algorithm="http://www.w3.org/2001/10/xml-exc-c14n#"></ds:Transform>
        </ds:Transforms>
        <ds:DigestMethod Algorithm="http://www.w3.org/2001/04/xmlenc#sha256"></ds:DigestMethod>
        <ds:DigestValue>
          T/HGK+NeFyOXzjPCk3bRMbBJ56LKU+QpuVch9vky7Gs=
        </ds:DigestValue>
      </ds:Reference>
    </ds:SignedInfo>
    <ds:SignatureValue>
      GAHfTKT8iJVjYBAq20jJ5b6k2ODPW2auxMnFFMlmrqdXUv+01LU79vR/0vJu2B+lS3eJHSEj3/GsGR16+O1g/g==
    </ds:SignatureValue>
    <ds:KeyInfo>
      <ds:X509Data>
        <ds:X509Certificate>
          MIICVjCCAfygAwIBAgIJAPXcWUDhKQAGMAoGCCqGSM49BAMCMGMxCzAJBgNVBAYTAkRFMQswCQYDVQQIDAJCVzESMBAGA1UEBwwJU3R1dHRnYXJ0MQ8wDQYDVQQKDAZCcmlmbGUxIjAgBgNVBAMMGUVDRFNBIEJyaWZsZSBUZXN0IFJvb3QgQ0EwHhcNMjQwODIwMTAwNTA5WhcNMjUwOTE5MTAxMDA5WjBVMQswCQYDVQQGEwJERTELMAkGA1UECAwCQlcxEjAQBgNVBAcMCVN0dXR0Z2FydDEPMA0GA1UECgwGQnJpZmxlMRQwEgYDVQQDDAtCcmlmbGUgVGVzdDBZMBMGByqGSM49AgEGCCqGSM49AwEHA0IABKz5T4vmDV2EVnFejydtI7k16nUG8IkJ+Hn5ovOcmH7Lwkx8+rgTrB6n53mhDkRgbinYXLGQVmenTPyk8HxUoUejgaYwgaMwCQYDVR0TBAIwADAOBgNVHQ8BAf8EBAMCBaAwHQYDVR0lBBYwFAYIKwYBBQUHAwEGCCsGAQUFBwMCMB0GA1UdDgQWBBTHROSbr+pC35r10BkFBTqBMataYjAfBgNVHSMEGDAWgBRPpJkg47MaAy8pFiK83CFePlzkczAnBgNVHREEIDAeggtleGFtcGxlLm9yZ4IPd3d3LmV4YW1wbGUub3JnMAoGCCqGSM49BAMCA0gAMEUCIBHUHjm8FYvnNvSIUJOq2Af6rkQ6KlekcvexKs/0hoO4AiEAsipxo0Zv3JzPkqWySh3+k+oqzdu+f+ovtCKxWwN9MtE=
        </ds:X509Certificate>
      </ds:X509Data>
    </ds:KeyInfo>
    <ds:Object>
      <xades:QualifyingProperties xmlns:xades="http://uri.etsi.org/01903/v1.3.2#" Target="#signature_id">
        <xades:SignedProperties Id="SignedProperties">
          <xades:SignedSignatureProperties>
            <xades:SigningTime>
              2024-08-20 11:10:09.801477Z
            </xades:SigningTime>
            <xades:SigningCertificate>
              <xades:Cert>
                <xades:CertDigest>
                  <ds:DigestMethod Algorithm="http://www.w3.org/2001/04/xmlenc#sha256"></ds:DigestMethod>
                  <ds:DigestValue>
                    2Ho2O3E5zguaQvA2PBk4z5yA9I0pRSMRGNgLp5/0pIs=
                  </ds:DigestValue>
                </xades:CertDigest>
                <xades:IssuerSerial>
                  <ds:X509IssuerName>
                    ECDSA Brifle Test Root CA
                  </ds:X509IssuerName>
                  <ds:X509SerialNumber>
                    17716133169359028230
                  </ds:X509SerialNumber>
                </xades:IssuerSerial>
              </xades:Cert>
            </xades:SigningCertificate>
            <xades:SignaturePolicyIdentifier>
              <xades:SignaturePolicyImplied></xades:SignaturePolicyImplied>
            </xades:SignaturePolicyIdentifier>
            <xades:SignatureProductionPlace>
              <xades:City>
                Stuttgart
              </xades:City>
              <xades:CountryName>
                Germany
              </xades:CountryName>
            </xades:SignatureProductionPlace>
            <xades:SignerRole>
              <xades:ClaimedRoles>
                <xades:ClaimedRole>
                  role with Ã¤
                </xades:ClaimedRole>
                <xades:ClaimedRole>
                  role2
                </xades:ClaimedRole>
              </xades:ClaimedRoles>
              <xades:CertifiedRoles>

              </xades:CertifiedRoles>
            </xades:SignerRole>
          </xades:SignedSignatureProperties>
          <xades:SignedDataObjectProperties>
            <xades:DataObjectFormat ObjectReference="#doc-1">
              <xades:MimeType>
                text/xml
              </xades:MimeType>
              <xades:Encoding>
                UTF-8
              </xades:Encoding>
              <xades:ObjectIdentifier>
                <xades:Identifier>
                  https://docs.brifle.de/2341ac23HAbcA
                </xades:Identifier>
                <xades:Description>
                  Die Beschreibung
                </xades:Description>
              </xades:ObjectIdentifier>
            </xades:DataObjectFormat>
            <xades:DataObjectFormat ObjectReference="#doc-2">
              <xades:MimeType>
                text/xml
              </xades:MimeType>
              <xades:Encoding>
                UTF-8
              </xades:Encoding>
              <xades:ObjectIdentifier>
                <xades:Identifier>
                  https://docs.brifle.de/671ac23HAbcA
                </xades:Identifier>
                <xades:Description>
                  Die Beschreibung
                </xades:Description>
              </xades:ObjectIdentifier>
            </xades:DataObjectFormat>
          </xades:SignedDataObjectProperties>
        </xades:SignedProperties>
        <xades:UnsignedProperties>
          <xades:UnsignedSignatureProperties></xades:UnsignedSignatureProperties>
        </xades:UnsignedProperties>
      </xades:QualifyingProperties>
    </ds:Object>
  </ds:Signature>
</SignatureDocument>