<SignatureDocument xmlns="http://uri.etsi.org/01903/v1.1.1#" elementFormDefault="qualified" targetNamespace="http://uri.etsi.org/01903/v1.1.1#">
  <Metadata>
    <baseUrl>https://documents.brifle.de/</baseUrl>
    <version>1.0</version>
  </Metadata>
  <ds:Signature xmlns:ds="http://www.w3.org/2000/09/xmldsig#" id="signature_id">
    <ds:SignedInfo>
      <ds:CanonicalizationMethod Algorithm="http://www.w3.org/2001/10/xml-exc-c14n#"></ds:CanonicalizationMethod>
      <ds:SignatureMethod Algorithm="http://www.w3.org/2007/05/xmldsig-more#ecdsa-sha3-512"></ds:SignatureMethod>
      <ds:Reference ID="doc-1" URI="#data-2341ac23HAbcA">
        <ds:DigestMethod Algorithm="http://www.w3.org/2007/05/xmldsig-more#sha3-512"></ds:DigestMethod>
        <ds:DigestValue>
          9/rc+uGpJU5DtFG32TKp4IhgdYqPwFbW3SRNo9T+yYdDpgNkJead18A0hgfHuqiNmGRUUzab5yjY3JRl9/JPFw==
        </ds:DigestValue>
      </ds:Reference>
      <ds:Reference ID="doc-2" URI="#data-671ac23HAbcA">
        <ds:DigestMethod Algorithm="http://www.w3.org/2007/05/xmldsig-more#sha3-512"></ds:DigestMethod>
        <ds:DigestValue>
          ugt5zYrMB6JJG6kxdN6FE/jl5/AY4HsAsmZEJQ76CMvvAKm6xHtbF57c7wka3yah+sH6Ny5nNilFkejEHA53EA==
        </ds:DigestValue>
      </ds:Reference>
      <ds:Reference URI="#SignedProperties">
        <ds:DigestMethod Algorithm="http://www.w3.org/2007/05/xmldsig-more#sha3-512"></ds:DigestMethod>
        <ds:DigestValue>
          7ztAFC3ci2SKXASIGldImcSpGlg1J7GzSqDmJpHHMH7NsQ+ixHITQ4XuRwmVx9cSPBaDHND9Czm2JURX9hRkwg==
        </ds:DigestValue>
      </ds:Reference>
    </ds:SignedInfo>
    <ds:SignatureValue>
      MEYCIQCFt2pgux9Wc3KHkaMtm5GiuEbPQBiOniXEVCK8JY++wgIhAMh6itJ31t/Yee2TRSSRy87hRtTBEV2gOKe1gqzSa9Ic
    </ds:SignatureValue>
    <ds:Object>
      <QualifyingProperties Target="#signature_id">
        <SignedProperties>
          <SignedSignatureProperties>
            <SigningTime>
              2024-05-22 22:09:10.322644Z
            </SigningTime>
            <SigningCertificate>
              <Cert>
                <CertDigest>
                  <DigestMethod Algorithm="http://www.w3.org/2001/04/xmlenc#sha256"></DigestMethod>
                  <DigestValue>
                    ntHMgVqnnCe/RZZPRSTX2cOYwh2Q3Wpz5/sICHLkweo=
                  </DigestValue>
                </CertDigest>
                <IssuerSerial>
                  <X509IssuerName>
                    ECDSA Root CA
                  </X509IssuerName>
                  <X509SerialNumber>
                    12161282419099750500
                  </X509SerialNumber>
                </IssuerSerial>
              </Cert>
            </SigningCertificate>
            <SignaturePolicyIdentifier>
              <SignaturePolicyImplied></SignaturePolicyImplied>
            </SignaturePolicyIdentifier>
            <SignatureProductionPlace>
              <City>
                Stuttgart
              </City>
              <CountryName>
                Germany
              </CountryName>
            </SignatureProductionPlace>
            <SignerRole>
              <ClaimedRoles>
                <ClaimedRole>
                  role with Ã¤
                </ClaimedRole>
                <ClaimedRole>
                  role2
                </ClaimedRole>
              </ClaimedRoles>
              <CertifiedRoles>

              </CertifiedRoles>
            </SignerRole>
          </SignedSignatureProperties>
          <SignedDataObjectProperties>
            <DataObjectFormat ObjectReference="#doc-1">
              <MimeType>
                text/xml
              </MimeType>
              <Encoding>
                UTF-8
              </Encoding>
              <ObjectIdentifier>
                <Description>
                  Die Beschreibung
                </Description>
              </ObjectIdentifier>
            </DataObjectFormat>
            <DataObjectFormat ObjectReference="#doc-2">
              <MimeType>
                text/xml
              </MimeType>
              <Encoding>
                UTF-8
              </Encoding>
              <ObjectIdentifier>
                <Description>
                  Die Beschreibung
                </Description>
              </ObjectIdentifier>
            </DataObjectFormat>
          </SignedDataObjectProperties>
        </SignedProperties>
        <UnsignedProperties>
          <UnsignedSignatureProperties></UnsignedSignatureProperties>
        </UnsignedProperties>
      </QualifyingProperties>
    </ds:Object>
    <ds:KeyInfo>
      <ds:X509Data>
        <ds:X509Certificate>
          -----BEGIN CERTIFICATE-----
MIICSTCCAe+gAwIBAgIJAKjFje1LpNBkMAoGCCqGSM49BAMCMFkxCzAJBgNVBAYT
AlVTMQswCQYDVQQIDAJDQTEWMBQGA1UEBwwNU2FuIEZyYW5jaXNjbzENMAsGA1UE
CgwEQWNtZTEWMBQGA1UEAwwNRUNEU0EgUm9vdCBDQTAeFw0yNDA1MjIyMTA0MTBa
Fw0yNTA2MjEyMTA5MTBaMFIxCzAJBgNVBAYTAlVTMQswCQYDVQQIDAJDQTEWMBQG
A1UEBwwNU2FuIEZyYW5jaXNjbzENMAsGA1UECgwEQWNtZTEPMA0GA1UEAwwGU2Ft
cGxlMFkwEwYHKoZIzj0CAQYIKoZIzj0DAQcDQgAECW+cHfbetrvgZUk6rY81bKib
3g9HcgbP3zH80pX13I2hQ6Byq1WkPRFvwzvQE2tP0xHPkXPHjbXB+VxAku04IKOB
pjCBozAJBgNVHRMEAjAAMA4GA1UdDwEB/wQEAwIFoDAdBgNVHSUEFjAUBggrBgEF
BQcDAQYIKwYBBQUHAwIwHQYDVR0OBBYEFIduQmE+Np03qpA/0n5eCa2+pelxMB8G
A1UdIwQYMBaAFP7w8gLQoRwPG9SCbfOIVZOlX2y0MCcGA1UdEQQgMB6CC2V4YW1w
bGUub3Jngg93d3cuZXhhbXBsZS5vcmcwCgYIKoZIzj0EAwIDSAAwRQIgfFEblECK
Egfcq6ns/4ZFFU9KtxDpkccEi5p84xZJuS8CIQCiQpflq4VJsDBJ4Z2HrKsXb+RX
DJ0FRzEf1QWCS7cX0Q==
-----END CERTIFICATE-----
        </ds:X509Certificate>
      </ds:X509Data>
    </ds:KeyInfo>
  </ds:Signature>
  <ContentExport>
    <SignatureContent URL="https://documents.brifle.de/2341ac23HAbcA" id="data-2341ac23HAbcA">document1</SignatureContent>
    <SignatureContent URL="https://documents.brifle.de/671ac23HAbcA" id="data-671ac23HAbcA">document2</SignatureContent>
  </ContentExport>
</SignatureDocument>