<SignatureDocument xmlns="http://uri.etsi.org/01903/v1.1.1#" elementFormDefault="qualified" targetNamespace="http://uri.etsi.org/01903/v1.1.1#">
  <Metadata>
    <baseUrl>https://documents.brifle.de/</baseUrl>
    <version>1.0</version>
  </Metadata>
  <ds:Signature xmlns:ds="http://www.w3.org/2000/09/xmldsig#" Id="signature_id">
    <ds:SignedInfo>
      <ds:CanonicalizationMethod Algorithm="http://www.w3.org/2001/10/xml-exc-c14n#"></ds:CanonicalizationMethod>
      <ds:SignatureMethod Algorithm="http://www.w3.org/2001/04/xmldsig-more#ecdsa-sha256"></ds:SignatureMethod>
      <ds:Reference Id="doc-1" URI="#data-671ac23HAbcA">
        <ds:Transforms>
          <ds:Transform Algorithm="http://www.w3.org/2001/10/xml-exc-c14n#"></ds:Transform>
        </ds:Transforms>
        <ds:DigestMethod Algorithm="http://www.w3.org/2001/04/xmlenc#sha256"></ds:DigestMethod>
        <ds:DigestValue>
          I52UG+nsoeyYRdcodBkEWY7aIe4qX/DGMSxWuYEHhFw=
        </ds:DigestValue>
      </ds:Reference>
      <ds:Reference URI="#SignedProperties">
        <ds:Transforms>
          <ds:Transform Algorithm="http://www.w3.org/2001/10/xml-exc-c14n#"></ds:Transform>
        </ds:Transforms>
        <ds:DigestMethod Algorithm="http://www.w3.org/2001/04/xmlenc#sha256"></ds:DigestMethod>
        <ds:DigestValue>
          1yjZua88uJ4RCT8Dmk5RBSOXX3tYYqI/t6Y2uhnx8Dc=
        </ds:DigestValue>
      </ds:Reference>
    </ds:SignedInfo>
    <ds:SignatureValue>
      15Qubgh4P6912Yj3nheCJJ3FUTJANpGpsK0EpvhuwP+qFRqtvP+Pzbd/zKfRuBecTAi7DdruK13rFlsvjYqT6g==
    </ds:SignatureValue>
    <ds:KeyInfo>
      <ds:X509Data>
        <ds:X509Certificate>
          MIICVzCCAfygAwIBAgIJAO+KpZqdT/GVMAoGCCqGSM49BAMCMGMxCzAJBgNVBAYTAkRFMQswCQYDVQQIDAJCVzESMBAGA1UEBwwJU3R1dHRnYXJ0MQ8wDQYDVQQKDAZCcmlmbGUxIjAgBgNVBAMMGUVDRFNBIEJyaWZsZSBUZXN0IFJvb3QgQ0EwHhcNMjQwNzAzMjAxNTA1WhcNMjUwODAyMjAyMDA1WjBVMQswCQYDVQQGEwJERTELMAkGA1UECAwCQlcxEjAQBgNVBAcMCVN0dXR0Z2FydDEPMA0GA1UECgwGQnJpZmxlMRQwEgYDVQQDDAtCcmlmbGUgVGVzdDBZMBMGByqGSM49AgEGCCqGSM49AwEHA0IABOX/epL1ujhCV7S1pqcYKRDNAyWEyKcwdfq+Ck8c8jLe7fHDwVa5zBxi7lr+FHOf+fy/iTm7rWDTDKXA6n1RurWjgaYwgaMwCQYDVR0TBAIwADAOBgNVHQ8BAf8EBAMCBaAwHQYDVR0lBBYwFAYIKwYBBQUHAwEGCCsGAQUFBwMCMB0GA1UdDgQWBBRKgE8kKNpa8xvLba2FAWN2j9HhmjAfBgNVHSMEGDAWgBRPpJkg47MaAy8pFiK83CFePlzkczAnBgNVHREEIDAeggtleGFtcGxlLm9yZ4IPd3d3LmV4YW1wbGUub3JnMAoGCCqGSM49BAMCA0kAMEYCIQCGcjDOaJ/qqW5PezybBR1idC3mXVW5A3t8lNZIVLb7bwIhAOiag1wiPSHkc37sLklBtJ7S9HhHxrm20pwJmqjwuUYE
        </ds:X509Certificate>
      </ds:X509Data>
    </ds:KeyInfo>
    <ds:Object>
      <xades:QualifyingProperties xmlns:xades="http://uri.etsi.org/01903/v1.3.2#" Target="#signature_id">
        <xades:SignedProperties Id="SignedProperties">
          <xades:SignedSignatureProperties>
            <xades:SigningTime>
              2024-07-03 21:20:05.696167Z
            </xades:SigningTime>
            <xades:SigningCertificate>
              <xades:Cert>
                <xades:CertDigest>
                  <ds:DigestMethod Algorithm="http://www.w3.org/2001/04/xmlenc#sha256"></ds:DigestMethod>
                  <ds:DigestValue>
                    Kz5zDVUj7X30jk++OCiQau0KHyyvxBlgX5dHpmSEz/A=
                  </ds:DigestValue>
                </xades:CertDigest>
                <xades:IssuerSerial>
                  <ds:X509IssuerName>
                    ECDSA Brifle Test Root CA
                  </ds:X509IssuerName>
                  <ds:X509SerialNumber>
                    17260790605333655957
                  </ds:X509SerialNumber>
                </xades:IssuerSerial>
              </xades:Cert>
            </xades:SigningCertificate>
            <xades:SignaturePolicyIdentifier>
              <xades:SignaturePolicyImplied></xades:SignaturePolicyImplied>
            </xades:SignaturePolicyIdentifier>
            <xades:SignatureProductionPlace>
              <xades:City>
                Stuttgart
              </xades:City>
              <xades:CountryName>
                Germany
              </xades:CountryName>
            </xades:SignatureProductionPlace>
            <xades:SignerRole>
              <xades:ClaimedRoles>
                <xades:ClaimedRole>
                  role with Ã¤
                </xades:ClaimedRole>
                <xades:ClaimedRole>
                  role2
                </xades:ClaimedRole>
              </xades:ClaimedRoles>
              <xades:CertifiedRoles>

              </xades:CertifiedRoles>
            </xades:SignerRole>
          </xades:SignedSignatureProperties>
          <xades:SignedDataObjectProperties>
            <xades:DataObjectFormat ObjectReference="#doc-1">
              <xades:MimeType>
                text/xml
              </xades:MimeType>
              <xades:Encoding>
                UTF-8
              </xades:Encoding>
              <xades:ObjectIdentifier>
                <xades:Identifier>
                  https://docs.brifle.de/2341ac23HAbcA
                </xades:Identifier>
                <xades:Description>
                  Die Beschreibung
                </xades:Description>
              </xades:ObjectIdentifier>
            </xades:DataObjectFormat>
            <xades:DataObjectFormat ObjectReference="#doc-2">
              <xades:MimeType>
                text/xml
              </xades:MimeType>
              <xades:Encoding>
                UTF-8
              </xades:Encoding>
              <xades:ObjectIdentifier>
                <xades:Identifier>
                  https://docs.brifle.de/671ac23HAbcA
                </xades:Identifier>
                <xades:Description>
                  Die Beschreibung
                </xades:Description>
              </xades:ObjectIdentifier>
            </xades:DataObjectFormat>
          </xades:SignedDataObjectProperties>
        </xades:SignedProperties>
        <xades:UnsignedProperties>
          <xades:UnsignedSignatureProperties></xades:UnsignedSignatureProperties>
        </xades:UnsignedProperties>
      </xades:QualifyingProperties>
    </ds:Object>
  </ds:Signature>
</SignatureDocument>