<SignatureDocument xmlns="http://uri.etsi.org/01903/v1.1.1#" elementFormDefault="qualified" targetNamespace="http://uri.etsi.org/01903/v1.1.1#">
  <Metadata>
    <baseUrl>https://documents.brifle.de/</baseUrl>
    <version>1.0</version>
  </Metadata>
  <ds:Signature xmlns:ds="http://www.w3.org/2000/09/xmldsig#" id="signature_id">
    <ds:SignedInfo>
      <ds:CanonicalizationMethod Algorithm="http://www.w3.org/2001/10/xml-exc-c14n#"></ds:CanonicalizationMethod>
      <ds:SignatureMethod Algorithm="http://www.w3.org/2007/05/xmldsig-more#ecdsa-sha3-512"></ds:SignatureMethod>
      <ds:Reference ID="doc-1" URI="#data-2341ac23HAbcA">
        <ds:DigestMethod Algorithm="http://www.w3.org/2007/05/xmldsig-more#sha3-512"></ds:DigestMethod>
        <ds:DigestValue>
          9/rc+uGpJU5DtFG32TKp4IhgdYqPwFbW3SRNo9T+yYdDpgNkJead18A0hgfHuqiNmGRUUzab5yjY3JRl9/JPFw==
        </ds:DigestValue>
      </ds:Reference>
      <ds:Reference ID="doc-2" URI="#data-671ac23HAbcA">
        <ds:DigestMethod Algorithm="http://www.w3.org/2007/05/xmldsig-more#sha3-512"></ds:DigestMethod>
        <ds:DigestValue>
          ugt5zYrMB6JJG6kxdN6FE/jl5/AY4HsAsmZEJQ76CMvvAKm6xHtbF57c7wka3yah+sH6Ny5nNilFkejEHA53EA==
        </ds:DigestValue>
      </ds:Reference>
      <ds:Reference URI="#SignedProperties">
        <ds:DigestMethod Algorithm="http://www.w3.org/2007/05/xmldsig-more#sha3-512"></ds:DigestMethod>
        <ds:DigestValue>
          HkF/ogc4Jh1TOURcjKuV+kIKB2W5MHPQCSMBHdtLWGu20pXwLxWbXiIjgX/GFZDvpHBzCMnzzYmcjepB45rlSA==
        </ds:DigestValue>
      </ds:Reference>
    </ds:SignedInfo>
    <ds:SignatureValue>
      MEUCIDRNaEvUYzuQ22djgq39n3yX4aaZPoxsTtOf69iwJvl9AiEAisICLxbgd/tCPSOWW8BiKrNH5OPgWEs2sRIPQ3AOB+Q=
    </ds:SignatureValue>
    <ds:Object>
      <QualifyingProperties Target="#signature_id">
        <SignedProperties>
          <SignedSignatureProperties>
            <SigningTime>
              2024-05-22 22:09:09.937332Z
            </SigningTime>
            <SigningCertificate>
              <Cert>
                <CertDigest>
                  <DigestMethod Algorithm="http://www.w3.org/2001/04/xmlenc#sha256"></DigestMethod>
                  <DigestValue>
                    gqbBz/z5IubBOPgGXZB7XcYkKUVNFiNmKvpKt574Msg=
                  </DigestValue>
                </CertDigest>
                <IssuerSerial>
                  <X509IssuerName>
                    ECDSA Root CA
                  </X509IssuerName>
                  <X509SerialNumber>
                    3053289065644652354
                  </X509SerialNumber>
                </IssuerSerial>
              </Cert>
            </SigningCertificate>
            <SignaturePolicyIdentifier>
              <SignaturePolicyImplied></SignaturePolicyImplied>
            </SignaturePolicyIdentifier>
            <SignatureProductionPlace>
              <City>
                Stuttgart
              </City>
              <CountryName>
                Germany
              </CountryName>
            </SignatureProductionPlace>
            <SignerRole>
              <ClaimedRoles>
                <ClaimedRole>
                  role with Ã¤
                </ClaimedRole>
                <ClaimedRole>
                  role2
                </ClaimedRole>
              </ClaimedRoles>
              <CertifiedRoles>

              </CertifiedRoles>
            </SignerRole>
          </SignedSignatureProperties>
          <SignedDataObjectProperties>
            <DataObjectFormat ObjectReference="#doc-1">
              <MimeType>
                text/xml
              </MimeType>
              <Encoding>
                UTF-8
              </Encoding>
              <ObjectIdentifier>
                <Description>
                  Die Beschreibung
                </Description>
              </ObjectIdentifier>
            </DataObjectFormat>
            <DataObjectFormat ObjectReference="#doc-2">
              <MimeType>
                text/xml
              </MimeType>
              <Encoding>
                UTF-8
              </Encoding>
              <ObjectIdentifier>
                <Description>
                  Die Beschreibung
                </Description>
              </ObjectIdentifier>
            </DataObjectFormat>
          </SignedDataObjectProperties>
        </SignedProperties>
        <UnsignedProperties>
          <UnsignedSignatureProperties></UnsignedSignatureProperties>
        </UnsignedProperties>
      </QualifyingProperties>
    </ds:Object>
    <ds:KeyInfo>
      <ds:X509Data>
        <ds:X509Certificate>
          -----BEGIN CERTIFICATE-----
MIICSDCCAe6gAwIBAgIIKl92OmpVd0IwCgYIKoZIzj0EAwIwWTELMAkGA1UEBhMC
VVMxCzAJBgNVBAgMAkNBMRYwFAYDVQQHDA1TYW4gRnJhbmNpc2NvMQ0wCwYDVQQK
DARBY21lMRYwFAYDVQQDDA1FQ0RTQSBSb290IENBMB4XDTI0MDUyMjIxMDQwOVoX
DTI1MDYyMTIxMDkwOVowUjELMAkGA1UEBhMCVVMxCzAJBgNVBAgMAkNBMRYwFAYD
VQQHDA1TYW4gRnJhbmNpc2NvMQ0wCwYDVQQKDARBY21lMQ8wDQYDVQQDDAZTYW1w
bGUwWTATBgcqhkjOPQIBBggqhkjOPQMBBwNCAARon1MxcELXdnwE/go9B8mXCFT5
3JOzCUckNm0ONPc60FPHttnNbFlYBqTr1nmZznUrP1JM/tKwez1h7N4E55Eto4Gm
MIGjMAkGA1UdEwQCMAAwDgYDVR0PAQH/BAQDAgWgMB0GA1UdJQQWMBQGCCsGAQUF
BwMBBggrBgEFBQcDAjAdBgNVHQ4EFgQUpQB+dlYPISDWAUjiS8gtiIQS+NYwHwYD
VR0jBBgwFoAUcGQ6j4ddJkncDDCeY5E2KCka4+0wJwYDVR0RBCAwHoILZXhhbXBs
ZS5vcmeCD3d3dy5leGFtcGxlLm9yZzAKBggqhkjOPQQDAgNIADBFAiEAjWR0JgR2
MekI2WGm2tPAt8KN0K7/MpAxPeA/UbaiVGECIBAjuWkjS5sU5z0NrD4Qeg5+Lfra
bY4qnCut7I1aAE2h
-----END CERTIFICATE-----
        </ds:X509Certificate>
      </ds:X509Data>
    </ds:KeyInfo>
  </ds:Signature>
</SignatureDocument>